[0.104s] Invoking command in '/workspaces/isaac_ros-dev/isaac_ros_yolov8/build/isaac_ros_yolov8': CMAKE_PREFIX_PATH=/opt/ros/humble /usr/bin/cmake /workspaces/isaac_ros-dev/isaac_ros_yolov8 -DCMAKE_INSTALL_PREFIX=/workspaces/isaac_ros-dev/isaac_ros_yolov8/install/isaac_ros_yolov8
[0.275s] -- The C compiler identification is GNU 9.4.0
[0.435s] -- The CXX compiler identification is GNU 9.4.0
[0.458s] -- Detecting C compiler ABI info
[0.580s] -- Detecting C compiler ABI info - done
[0.604s] -- Check for working C compiler: /usr/bin/cc - skipped
[0.605s] -- Detecting C compile features
[0.606s] -- Detecting C compile features - done
[0.615s] -- Detecting CXX compiler ABI info
[0.750s] -- Detecting CXX compiler ABI info - done
[0.777s] -- Check for working CXX compiler: /usr/bin/c++ - skipped
[0.778s] -- Detecting CXX compile features
[0.779s] -- Detecting CXX compile features - done
[0.787s] -- Found ament_cmake_auto: 1.3.6 (/opt/ros/humble/share/ament_cmake_auto/cmake)
[2.331s] -- Found Python3: /usr/bin/python3.8 (found version "3.8.10") found components: Interpreter 
[2.543s] -- Found rclcpp: 16.0.7 (/opt/ros/humble/share/rclcpp/cmake)
[2.653s] -- Found rosidl_generator_c: 3.1.5 (/opt/ros/humble/share/rosidl_generator_c/cmake)
[2.665s] -- Found rosidl_adapter: 3.1.5 (/opt/ros/humble/share/rosidl_adapter/cmake)
[2.686s] -- Found rosidl_generator_cpp: 3.1.5 (/opt/ros/humble/share/rosidl_generator_cpp/cmake)
[2.719s] -- Using all available rosidl_typesupport_c: rosidl_typesupport_fastrtps_c;rosidl_typesupport_introspection_c
[2.764s] -- Using all available rosidl_typesupport_cpp: rosidl_typesupport_fastrtps_cpp;rosidl_typesupport_introspection_cpp
[2.918s] -- Found rmw_implementation_cmake: 6.1.1 (/opt/ros/humble/share/rmw_implementation_cmake/cmake)
[2.926s] -- Found rmw_fastrtps_cpp: 6.2.5 (/opt/ros/humble/share/rmw_fastrtps_cpp/cmake)
[3.247s] -- Found OpenSSL: /usr/lib/aarch64-linux-gnu/libcrypto.so (found version "1.1.1f")  
[3.333s] -- Found FastRTPS: /opt/ros/humble/include  
[3.470s] -- Using RMW implementation 'rmw_fastrtps_cpp' as default
[3.497s] -- Looking for pthread.h
[3.627s] -- Looking for pthread.h - found
[3.627s] -- Performing Test CMAKE_HAVE_LIBC_PTHREAD
[3.755s] -- Performing Test CMAKE_HAVE_LIBC_PTHREAD - Failed
[3.756s] -- Looking for pthread_create in pthreads
[3.869s] -- Looking for pthread_create in pthreads - not found
[3.870s] -- Looking for pthread_create in pthread
[3.999s] -- Looking for pthread_create in pthread - found
[4.003s] -- Found Threads: TRUE  
[4.326s] -- Found sensor_msgs: 4.2.3 (/opt/ros/humble/share/sensor_msgs/cmake)
[4.568s] -- Found vision_msgs: 4.1.0 (/opt/ros/humble/share/vision_msgs/cmake)
[4.696s] -- Found cv_bridge: 3.2.1 (/opt/ros/humble/share/cv_bridge/cmake)
[4.737s] -- Found OpenCV: /usr (found version "4.2.0") 
[4.862s] -- Loading isaac_ros_common extras
[4.863s] -- CMAKE_BUILD_TYPE: Release
[4.937s] -- Found CUDA: /usr/local/cuda (found version "11.4") 
[4.939s] -- Loading isaac_ros_common extras (modules)
[5.108s] -- Found eigen3_cmake_module: 0.1.1 (/opt/ros/humble/share/eigen3_cmake_module/cmake)
[5.111s] -- Found Eigen3: TRUE (found version "3.3.7") 
[5.111s] -- Ensuring Eigen3 include directory is part of orocos-kdl CMake target
[5.819s] -- Loading isaac_ros_gxf extras
[6.574s] -- Found ament_lint_auto: 0.12.9 (/opt/ros/humble/share/ament_lint_auto/cmake)
[6.664s] -- Found launch_testing_ament_cmake: 1.0.4 (/opt/ros/humble/share/launch_testing_ament_cmake/cmake)
[6.668s] -- Found python_cmake_module: 0.10.0 (/opt/ros/humble/share/python_cmake_module/cmake)
[6.723s] -- Found PythonInterp: /usr/bin/python3 (found suitable version "3.8.10", minimum required is "3.6") 
[6.737s] -- Found PythonLibs: /usr/lib/aarch64-linux-gnu/libpython3.8.so (found suitable version "3.8.10", minimum required is "3.5") 
[6.737s] -- Using PYTHON_EXECUTABLE: /usr/bin/python3
[6.738s] -- Using PYTHON_INCLUDE_DIRS: /usr/include/python3.8
[6.738s] -- Using PYTHON_LIBRARIES: /usr/lib/aarch64-linux-gnu/libpython3.8.so
[6.790s] -- Found PythonExtra: .so  
[6.868s] -- Added test 'copyright' to check source files copyright and LICENSE
[6.886s] -- Added test 'cppcheck' to perform static code analysis on C / C++ code
[6.887s] -- Configured cppcheck include dirs: /workspaces/isaac_ros-dev/isaac_ros_yolov8/include
[6.887s] -- Configured cppcheck exclude dirs and/or files: 
[6.899s] -- Added test 'cpplint' to check C / C++ code against the Google style
[6.899s] -- Configured cpplint exclude dirs and/or files: 
[6.901s] -- Added test 'flake8' to check Python code syntax and style conventions
[6.905s] -- Added test 'lint_cmake' to check CMake code style
[6.908s] -- Added test 'pep257' to check Python code against some of the docstring style conventions in PEP 257
[6.919s] -- Added test 'uncrustify' to check C / C++ code style
[6.919s] -- Configured uncrustify additional arguments: 
[6.921s] -- Added test 'xmllint' to check XML markup files
[6.929s] -- Configuring done
[6.998s] -- Generating done
[7.003s] -- Build files have been written to: /workspaces/isaac_ros-dev/isaac_ros_yolov8/build/isaac_ros_yolov8
[7.033s] Invoked command in '/workspaces/isaac_ros-dev/isaac_ros_yolov8/build/isaac_ros_yolov8' returned '0': CMAKE_PREFIX_PATH=/opt/ros/humble /usr/bin/cmake /workspaces/isaac_ros-dev/isaac_ros_yolov8 -DCMAKE_INSTALL_PREFIX=/workspaces/isaac_ros-dev/isaac_ros_yolov8/install/isaac_ros_yolov8
[7.042s] Invoking command in '/workspaces/isaac_ros-dev/isaac_ros_yolov8/build/isaac_ros_yolov8': CMAKE_PREFIX_PATH=/opt/ros/humble /usr/bin/cmake --build /workspaces/isaac_ros-dev/isaac_ros_yolov8/build/isaac_ros_yolov8 -- -j6 -l6
[7.111s] [ 50%] [32mBuilding CXX object CMakeFiles/yolov8_decoder_node.dir/src/yolov8_decoder_node.cpp.o[0m
[7.118s] [ 50%] Built target ament_cmake_python_copy_isaac_ros_yolov8
[7.888s] running egg_info
[7.890s] creating isaac_ros_yolov8.egg-info
[7.922s] writing isaac_ros_yolov8.egg-info/PKG-INFO
[7.922s] writing dependency_links to isaac_ros_yolov8.egg-info/dependency_links.txt
[7.922s] writing top-level names to isaac_ros_yolov8.egg-info/top_level.txt
[7.923s] writing manifest file 'isaac_ros_yolov8.egg-info/SOURCES.txt'
[8.014s] reading manifest file 'isaac_ros_yolov8.egg-info/SOURCES.txt'
[8.015s] writing manifest file 'isaac_ros_yolov8.egg-info/SOURCES.txt'
[8.121s] [ 50%] Built target ament_cmake_python_build_isaac_ros_yolov8_egg
[63.271s] [100%] [32m[1mLinking CXX shared library libyolov8_decoder_node.so[0m
[64.026s] [100%] Built target yolov8_decoder_node
[64.039s] Invoked command in '/workspaces/isaac_ros-dev/isaac_ros_yolov8/build/isaac_ros_yolov8' returned '0': CMAKE_PREFIX_PATH=/opt/ros/humble /usr/bin/cmake --build /workspaces/isaac_ros-dev/isaac_ros_yolov8/build/isaac_ros_yolov8 -- -j6 -l6
[64.120s] Invoking command in '/workspaces/isaac_ros-dev/isaac_ros_yolov8/build/isaac_ros_yolov8': CMAKE_PREFIX_PATH=/opt/ros/humble /usr/bin/cmake --install /workspaces/isaac_ros-dev/isaac_ros_yolov8/build/isaac_ros_yolov8
[64.131s] -- Install configuration: "Release"
[64.131s] -- Installing: /workspaces/isaac_ros-dev/isaac_ros_yolov8/install/isaac_ros_yolov8/share/isaac_ros_yolov8/environment/pythonpath.sh
[64.131s] -- Installing: /workspaces/isaac_ros-dev/isaac_ros_yolov8/install/isaac_ros_yolov8/share/isaac_ros_yolov8/environment/pythonpath.dsv
[64.131s] -- Installing: /workspaces/isaac_ros-dev/isaac_ros_yolov8/install/isaac_ros_yolov8/lib/python3.8/site-packages/isaac_ros_yolov8-2.1.0-py3.8.egg-info
[64.132s] -- Installing: /workspaces/isaac_ros-dev/isaac_ros_yolov8/install/isaac_ros_yolov8/lib/python3.8/site-packages/isaac_ros_yolov8-2.1.0-py3.8.egg-info/SOURCES.txt
[64.132s] -- Installing: /workspaces/isaac_ros-dev/isaac_ros_yolov8/install/isaac_ros_yolov8/lib/python3.8/site-packages/isaac_ros_yolov8-2.1.0-py3.8.egg-info/PKG-INFO
[64.132s] -- Installing: /workspaces/isaac_ros-dev/isaac_ros_yolov8/install/isaac_ros_yolov8/lib/python3.8/site-packages/isaac_ros_yolov8-2.1.0-py3.8.egg-info/dependency_links.txt
[64.132s] -- Installing: /workspaces/isaac_ros-dev/isaac_ros_yolov8/install/isaac_ros_yolov8/lib/python3.8/site-packages/isaac_ros_yolov8-2.1.0-py3.8.egg-info/top_level.txt
[64.133s] -- Installing: /workspaces/isaac_ros-dev/isaac_ros_yolov8/install/isaac_ros_yolov8/lib/python3.8/site-packages/isaac_ros_yolov8
[64.133s] -- Installing: /workspaces/isaac_ros-dev/isaac_ros_yolov8/install/isaac_ros_yolov8/lib/python3.8/site-packages/isaac_ros_yolov8/__init__.py
[64.193s] Listing '/workspaces/isaac_ros-dev/isaac_ros_yolov8/install/isaac_ros_yolov8/lib/python3.8/site-packages/isaac_ros_yolov8'...
[64.194s] Compiling '/workspaces/isaac_ros-dev/isaac_ros_yolov8/install/isaac_ros_yolov8/lib/python3.8/site-packages/isaac_ros_yolov8/__init__.py'...
[64.203s] -- Installing: /workspaces/isaac_ros-dev/isaac_ros_yolov8/install/isaac_ros_yolov8/lib/isaac_ros_yolov8/isaac_ros_yolov8_visualizer.py
[64.204s] -- Installing: /workspaces/isaac_ros-dev/isaac_ros_yolov8/install/isaac_ros_yolov8/lib/isaac_ros_yolov8/image_publisher.py
[64.204s] -- Installing: /workspaces/isaac_ros-dev/isaac_ros_yolov8/install/isaac_ros_yolov8/lib/isaac_ros_yolov8/controller.py
[64.205s] -- Installing: /workspaces/isaac_ros-dev/isaac_ros_yolov8/install/isaac_ros_yolov8/lib/isaac_ros_yolov8/hexapod_communication_main.py
[64.205s] -- Installing: /workspaces/isaac_ros-dev/isaac_ros_yolov8/install/isaac_ros_yolov8/lib/isaac_ros_yolov8/Client.py
[64.206s] -- Installing: /workspaces/isaac_ros-dev/isaac_ros_yolov8/install/isaac_ros_yolov8/lib/isaac_ros_yolov8/Command.py
[64.206s] -- Installing: /workspaces/isaac_ros-dev/isaac_ros_yolov8/install/isaac_ros_yolov8/lib/isaac_ros_yolov8/PID.py
[64.207s] -- Installing: /workspaces/isaac_ros-dev/isaac_ros_yolov8/install/isaac_ros_yolov8/lib/isaac_ros_yolov8/Thread.py
[64.207s] -- Installing: /workspaces/isaac_ros-dev/isaac_ros_yolov8/install/isaac_ros_yolov8/include
[64.208s] -- Installing: /workspaces/isaac_ros-dev/isaac_ros_yolov8/install/isaac_ros_yolov8/include/isaac_ros_yolov8
[64.208s] -- Installing: /workspaces/isaac_ros-dev/isaac_ros_yolov8/install/isaac_ros_yolov8/include/isaac_ros_yolov8/yolov8_decoder_node.hpp
[64.208s] -- Installing: /workspaces/isaac_ros-dev/isaac_ros_yolov8/install/isaac_ros_yolov8/share/isaac_ros_yolov8/environment/library_path.sh
[64.209s] -- Installing: /workspaces/isaac_ros-dev/isaac_ros_yolov8/install/isaac_ros_yolov8/share/isaac_ros_yolov8/environment/library_path.dsv
[64.209s] -- Installing: /workspaces/isaac_ros-dev/isaac_ros_yolov8/install/isaac_ros_yolov8/lib/libyolov8_decoder_node.so
[64.215s] -- Set runtime path of "/workspaces/isaac_ros-dev/isaac_ros_yolov8/install/isaac_ros_yolov8/lib/libyolov8_decoder_node.so" to ""
[64.215s] -- Installing: /workspaces/isaac_ros-dev/isaac_ros_yolov8/install/isaac_ros_yolov8/share/isaac_ros_yolov8/launch
[64.216s] -- Installing: /workspaces/isaac_ros-dev/isaac_ros_yolov8/install/isaac_ros_yolov8/share/isaac_ros_yolov8/launch/yolov8_tensor_rt.launch.py
[64.216s] -- Installing: /workspaces/isaac_ros-dev/isaac_ros_yolov8/install/isaac_ros_yolov8/share/isaac_ros_yolov8/launch/isaac_ros_yolov8_visualize.launch.py
[64.216s] -- Installing: /workspaces/isaac_ros-dev/isaac_ros_yolov8/install/isaac_ros_yolov8/share/isaac_ros_yolov8/launch/hexapod_system.launch.py
[64.217s] -- Installing: /workspaces/isaac_ros-dev/isaac_ros_yolov8/install/isaac_ros_yolov8/share/isaac_ros_yolov8/scripts
[64.217s] -- Installing: /workspaces/isaac_ros-dev/isaac_ros_yolov8/install/isaac_ros_yolov8/share/isaac_ros_yolov8/scripts/image_publisher.py
[64.217s] -- Installing: /workspaces/isaac_ros-dev/isaac_ros_yolov8/install/isaac_ros_yolov8/share/isaac_ros_yolov8/scripts/isaac_ros_yolov8_visualizer.py
[64.217s] -- Installing: /workspaces/isaac_ros-dev/isaac_ros_yolov8/install/isaac_ros_yolov8/share/isaac_ros_yolov8/scripts/hexapod_communication_main.py
[64.218s] -- Installing: /workspaces/isaac_ros-dev/isaac_ros_yolov8/install/isaac_ros_yolov8/share/isaac_ros_yolov8/scripts/Thread.py
[64.218s] -- Installing: /workspaces/isaac_ros-dev/isaac_ros_yolov8/install/isaac_ros_yolov8/share/isaac_ros_yolov8/scripts/Command.py
[64.218s] -- Installing: /workspaces/isaac_ros-dev/isaac_ros_yolov8/install/isaac_ros_yolov8/share/isaac_ros_yolov8/scripts/PID.py
[64.219s] -- Installing: /workspaces/isaac_ros-dev/isaac_ros_yolov8/install/isaac_ros_yolov8/share/isaac_ros_yolov8/scripts/Client.py
[64.219s] -- Installing: /workspaces/isaac_ros-dev/isaac_ros_yolov8/install/isaac_ros_yolov8/share/isaac_ros_yolov8/scripts/realsense_camera.py
[64.219s] -- Installing: /workspaces/isaac_ros-dev/isaac_ros_yolov8/install/isaac_ros_yolov8/share/isaac_ros_yolov8/scripts/controller.py
[64.220s] -- Installing: /workspaces/isaac_ros-dev/isaac_ros_yolov8/install/isaac_ros_yolov8/share/ament_index/resource_index/package_run_dependencies/isaac_ros_yolov8
[64.221s] -- Installing: /workspaces/isaac_ros-dev/isaac_ros_yolov8/install/isaac_ros_yolov8/share/ament_index/resource_index/parent_prefix_path/isaac_ros_yolov8
[64.221s] -- Installing: /workspaces/isaac_ros-dev/isaac_ros_yolov8/install/isaac_ros_yolov8/share/isaac_ros_yolov8/environment/ament_prefix_path.sh
[64.221s] -- Installing: /workspaces/isaac_ros-dev/isaac_ros_yolov8/install/isaac_ros_yolov8/share/isaac_ros_yolov8/environment/ament_prefix_path.dsv
[64.222s] -- Installing: /workspaces/isaac_ros-dev/isaac_ros_yolov8/install/isaac_ros_yolov8/share/isaac_ros_yolov8/environment/path.sh
[64.222s] -- Installing: /workspaces/isaac_ros-dev/isaac_ros_yolov8/install/isaac_ros_yolov8/share/isaac_ros_yolov8/environment/path.dsv
[64.223s] -- Installing: /workspaces/isaac_ros-dev/isaac_ros_yolov8/install/isaac_ros_yolov8/share/isaac_ros_yolov8/local_setup.bash
[64.223s] -- Installing: /workspaces/isaac_ros-dev/isaac_ros_yolov8/install/isaac_ros_yolov8/share/isaac_ros_yolov8/local_setup.sh
[64.223s] -- Installing: /workspaces/isaac_ros-dev/isaac_ros_yolov8/install/isaac_ros_yolov8/share/isaac_ros_yolov8/local_setup.zsh
[64.224s] -- Installing: /workspaces/isaac_ros-dev/isaac_ros_yolov8/install/isaac_ros_yolov8/share/isaac_ros_yolov8/local_setup.dsv
[64.224s] -- Installing: /workspaces/isaac_ros-dev/isaac_ros_yolov8/install/isaac_ros_yolov8/share/isaac_ros_yolov8/package.dsv
[64.225s] -- Installing: /workspaces/isaac_ros-dev/isaac_ros_yolov8/install/isaac_ros_yolov8/share/ament_index/resource_index/packages/isaac_ros_yolov8
[64.225s] -- Installing: /workspaces/isaac_ros-dev/isaac_ros_yolov8/install/isaac_ros_yolov8/share/ament_index/resource_index/rclcpp_components/isaac_ros_yolov8
[64.225s] -- Installing: /workspaces/isaac_ros-dev/isaac_ros_yolov8/install/isaac_ros_yolov8/share/isaac_ros_yolov8/cmake/ament_cmake_export_dependencies-extras.cmake
[64.226s] -- Installing: /workspaces/isaac_ros-dev/isaac_ros_yolov8/install/isaac_ros_yolov8/share/isaac_ros_yolov8/cmake/ament_cmake_export_include_directories-extras.cmake
[64.226s] -- Installing: /workspaces/isaac_ros-dev/isaac_ros_yolov8/install/isaac_ros_yolov8/share/isaac_ros_yolov8/cmake/ament_cmake_export_libraries-extras.cmake
[64.227s] -- Installing: /workspaces/isaac_ros-dev/isaac_ros_yolov8/install/isaac_ros_yolov8/share/isaac_ros_yolov8/cmake/isaac_ros_yolov8Config.cmake
[64.227s] -- Installing: /workspaces/isaac_ros-dev/isaac_ros_yolov8/install/isaac_ros_yolov8/share/isaac_ros_yolov8/cmake/isaac_ros_yolov8Config-version.cmake
[64.227s] -- Installing: /workspaces/isaac_ros-dev/isaac_ros_yolov8/install/isaac_ros_yolov8/share/isaac_ros_yolov8/package.xml
[64.232s] Invoked command in '/workspaces/isaac_ros-dev/isaac_ros_yolov8/build/isaac_ros_yolov8' returned '0': CMAKE_PREFIX_PATH=/opt/ros/humble /usr/bin/cmake --install /workspaces/isaac_ros-dev/isaac_ros_yolov8/build/isaac_ros_yolov8
