[0.123s] Invoking command in '/workspaces/isaac_ros-dev/src/isaac_ros_object_detection/isaac_ros_yolov8/build/isaac_ros_yolov8': CMAKE_PREFIX_PATH=/opt/ros/humble /usr/bin/cmake --build /workspaces/isaac_ros-dev/src/isaac_ros_object_detection/isaac_ros_yolov8/build/isaac_ros_yolov8 -- -j6 -l6
[0.248s] -- Found ament_cmake_auto: 1.3.6 (/opt/ros/humble/share/ament_cmake_auto/cmake)
[1.133s] -- Found rclcpp: 16.0.7 (/opt/ros/humble/share/rclcpp/cmake)
[1.366s] -- Found rosidl_generator_c: 3.1.5 (/opt/ros/humble/share/rosidl_generator_c/cmake)
[1.507s] -- Found rosidl_adapter: 3.1.5 (/opt/ros/humble/share/rosidl_adapter/cmake)
[1.521s] -- Found rosidl_generator_cpp: 3.1.5 (/opt/ros/humble/share/rosidl_generator_cpp/cmake)
[1.546s] -- Using all available rosidl_typesupport_c: rosidl_typesupport_fastrtps_c;rosidl_typesupport_introspection_c
[1.582s] -- Using all available rosidl_typesupport_cpp: rosidl_typesupport_fastrtps_cpp;rosidl_typesupport_introspection_cpp
[2.118s] -- Found rmw_implementation_cmake: 6.1.1 (/opt/ros/humble/share/rmw_implementation_cmake/cmake)
[2.121s] -- Found rmw_fastrtps_cpp: 6.2.5 (/opt/ros/humble/share/rmw_fastrtps_cpp/cmake)
[3.154s] -- Using RMW implementation 'rmw_fastrtps_cpp' as default
[4.408s] -- Found sensor_msgs: 4.2.3 (/opt/ros/humble/share/sensor_msgs/cmake)
[5.048s] -- Found vision_msgs: 4.1.0 (/opt/ros/humble/share/vision_msgs/cmake)
[5.309s] -- Found cv_bridge: 3.2.1 (/opt/ros/humble/share/cv_bridge/cmake)
[5.875s] -- Loading isaac_ros_common extras
[5.875s] -- CMAKE_BUILD_TYPE: Release
[6.072s] -- Loading isaac_ros_common extras (modules)
[6.355s] -- Found eigen3_cmake_module: 0.1.1 (/opt/ros/humble/share/eigen3_cmake_module/cmake)
[6.358s] -- Ensuring Eigen3 include directory is part of orocos-kdl CMake target
[8.396s] -- Loading isaac_ros_gxf extras
[9.841s] -- Found ament_lint_auto: 0.12.9 (/opt/ros/humble/share/ament_lint_auto/cmake)
[9.905s] -- Found launch_testing_ament_cmake: 1.0.4 (/opt/ros/humble/share/launch_testing_ament_cmake/cmake)
[9.906s] -- Found python_cmake_module: 0.10.0 (/opt/ros/humble/share/python_cmake_module/cmake)
[10.276s] -- Using PYTHON_EXECUTABLE: /usr/bin/python3
[10.276s] -- Using PYTHON_INCLUDE_DIRS: /usr/include/python3.8
[10.276s] -- Using PYTHON_LIBRARIES: /usr/lib/aarch64-linux-gnu/libpython3.8.so
[10.300s] -- Added test 'copyright' to check source files copyright and LICENSE
[10.350s] -- Added test 'cppcheck' to perform static code analysis on C / C++ code
[10.351s] -- Configured cppcheck include dirs: /workspaces/isaac_ros-dev/src/isaac_ros_object_detection/isaac_ros_yolov8/include
[10.351s] -- Configured cppcheck exclude dirs and/or files: 
[10.535s] -- Added test 'cpplint' to check C / C++ code against the Google style
[10.535s] -- Configured cpplint exclude dirs and/or files: 
[10.686s] -- Added test 'flake8' to check Python code syntax and style conventions
[10.698s] -- Added test 'lint_cmake' to check CMake code style
[10.841s] -- Added test 'pep257' to check Python code against some of the docstring style conventions in PEP 257
[10.887s] -- Added test 'uncrustify' to check C / C++ code style
[10.888s] -- Configured uncrustify additional arguments: 
[11.040s] -- Added test 'xmllint' to check XML markup files
[11.051s] -- Configuring done
[11.555s] -- Generating done
[11.561s] -- Build files have been written to: /workspaces/isaac_ros-dev/src/isaac_ros_object_detection/isaac_ros_yolov8/build/isaac_ros_yolov8
[11.634s] [35m[1mConsolidate compiler generated dependencies of target yolov8_decoder_node[0m
[11.657s] [  0%] Built target ament_cmake_python_copy_isaac_ros_yolov8
[11.682s] [100%] Built target yolov8_decoder_node
[12.453s] running egg_info
[12.485s] writing isaac_ros_yolov8.egg-info/PKG-INFO
[12.486s] writing dependency_links to isaac_ros_yolov8.egg-info/dependency_links.txt
[12.487s] writing top-level names to isaac_ros_yolov8.egg-info/top_level.txt
[12.583s] reading manifest file 'isaac_ros_yolov8.egg-info/SOURCES.txt'
[12.584s] writing manifest file 'isaac_ros_yolov8.egg-info/SOURCES.txt'
[12.735s] [100%] Built target ament_cmake_python_build_isaac_ros_yolov8_egg
[12.756s] Invoked command in '/workspaces/isaac_ros-dev/src/isaac_ros_object_detection/isaac_ros_yolov8/build/isaac_ros_yolov8' returned '0': CMAKE_PREFIX_PATH=/opt/ros/humble /usr/bin/cmake --build /workspaces/isaac_ros-dev/src/isaac_ros_object_detection/isaac_ros_yolov8/build/isaac_ros_yolov8 -- -j6 -l6
[12.867s] Invoking command in '/workspaces/isaac_ros-dev/src/isaac_ros_object_detection/isaac_ros_yolov8/build/isaac_ros_yolov8': CMAKE_PREFIX_PATH=/opt/ros/humble /usr/bin/cmake --install /workspaces/isaac_ros-dev/src/isaac_ros_object_detection/isaac_ros_yolov8/build/isaac_ros_yolov8
[12.883s] -- Install configuration: "Release"
[12.883s] -- Up-to-date: /workspaces/isaac_ros-dev/src/isaac_ros_object_detection/isaac_ros_yolov8/install/isaac_ros_yolov8/share/isaac_ros_yolov8/environment/pythonpath.sh
[12.884s] -- Installing: /workspaces/isaac_ros-dev/src/isaac_ros_object_detection/isaac_ros_yolov8/install/isaac_ros_yolov8/share/isaac_ros_yolov8/environment/pythonpath.dsv
[12.884s] -- Up-to-date: /workspaces/isaac_ros-dev/src/isaac_ros_object_detection/isaac_ros_yolov8/install/isaac_ros_yolov8/lib/python3.8/site-packages/isaac_ros_yolov8-2.1.0-py3.8.egg-info
[12.884s] -- Installing: /workspaces/isaac_ros-dev/src/isaac_ros_object_detection/isaac_ros_yolov8/install/isaac_ros_yolov8/lib/python3.8/site-packages/isaac_ros_yolov8-2.1.0-py3.8.egg-info/dependency_links.txt
[12.884s] -- Installing: /workspaces/isaac_ros-dev/src/isaac_ros_object_detection/isaac_ros_yolov8/install/isaac_ros_yolov8/lib/python3.8/site-packages/isaac_ros_yolov8-2.1.0-py3.8.egg-info/top_level.txt
[12.884s] -- Installing: /workspaces/isaac_ros-dev/src/isaac_ros_object_detection/isaac_ros_yolov8/install/isaac_ros_yolov8/lib/python3.8/site-packages/isaac_ros_yolov8-2.1.0-py3.8.egg-info/PKG-INFO
[12.885s] -- Installing: /workspaces/isaac_ros-dev/src/isaac_ros_object_detection/isaac_ros_yolov8/install/isaac_ros_yolov8/lib/python3.8/site-packages/isaac_ros_yolov8-2.1.0-py3.8.egg-info/SOURCES.txt
[12.885s] -- Up-to-date: /workspaces/isaac_ros-dev/src/isaac_ros_object_detection/isaac_ros_yolov8/install/isaac_ros_yolov8/lib/python3.8/site-packages/isaac_ros_yolov8
[12.885s] -- Up-to-date: /workspaces/isaac_ros-dev/src/isaac_ros_object_detection/isaac_ros_yolov8/install/isaac_ros_yolov8/lib/python3.8/site-packages/isaac_ros_yolov8/__init__.py
[12.953s] Listing '/workspaces/isaac_ros-dev/src/isaac_ros_object_detection/isaac_ros_yolov8/install/isaac_ros_yolov8/lib/python3.8/site-packages/isaac_ros_yolov8'...
[12.965s] -- Up-to-date: /workspaces/isaac_ros-dev/src/isaac_ros_object_detection/isaac_ros_yolov8/install/isaac_ros_yolov8/lib/isaac_ros_yolov8/isaac_ros_yolov8_visualizer.py
[12.965s] -- Installing: /workspaces/isaac_ros-dev/src/isaac_ros_object_detection/isaac_ros_yolov8/install/isaac_ros_yolov8/lib/isaac_ros_yolov8/image_publisher.py
[12.965s] -- Up-to-date: /workspaces/isaac_ros-dev/src/isaac_ros_object_detection/isaac_ros_yolov8/install/isaac_ros_yolov8/include
[12.966s] -- Up-to-date: /workspaces/isaac_ros-dev/src/isaac_ros_object_detection/isaac_ros_yolov8/install/isaac_ros_yolov8/include/isaac_ros_yolov8
[12.966s] -- Up-to-date: /workspaces/isaac_ros-dev/src/isaac_ros_object_detection/isaac_ros_yolov8/install/isaac_ros_yolov8/include/isaac_ros_yolov8/yolov8_decoder_node.hpp
[12.966s] -- Up-to-date: /workspaces/isaac_ros-dev/src/isaac_ros_object_detection/isaac_ros_yolov8/install/isaac_ros_yolov8/share/isaac_ros_yolov8/environment/library_path.sh
[12.966s] -- Installing: /workspaces/isaac_ros-dev/src/isaac_ros_object_detection/isaac_ros_yolov8/install/isaac_ros_yolov8/share/isaac_ros_yolov8/environment/library_path.dsv
[12.967s] -- Up-to-date: /workspaces/isaac_ros-dev/src/isaac_ros_object_detection/isaac_ros_yolov8/install/isaac_ros_yolov8/lib/libyolov8_decoder_node.so
[12.967s] -- Up-to-date: /workspaces/isaac_ros-dev/src/isaac_ros_object_detection/isaac_ros_yolov8/install/isaac_ros_yolov8/share/isaac_ros_yolov8/launch
[12.967s] -- Installing: /workspaces/isaac_ros-dev/src/isaac_ros_object_detection/isaac_ros_yolov8/install/isaac_ros_yolov8/share/isaac_ros_yolov8/launch/isaac_ros_yolov8_visualize.launch.py
[12.968s] -- Up-to-date: /workspaces/isaac_ros-dev/src/isaac_ros_object_detection/isaac_ros_yolov8/install/isaac_ros_yolov8/share/isaac_ros_yolov8/launch/yolov8_tensor_rt.launch.py
[12.968s] -- Up-to-date: /workspaces/isaac_ros-dev/src/isaac_ros_object_detection/isaac_ros_yolov8/install/isaac_ros_yolov8/share/isaac_ros_yolov8/scripts
[12.968s] -- Installing: /workspaces/isaac_ros-dev/src/isaac_ros_object_detection/isaac_ros_yolov8/install/isaac_ros_yolov8/share/isaac_ros_yolov8/scripts/image_publisher.py
[12.968s] -- Up-to-date: /workspaces/isaac_ros-dev/src/isaac_ros_object_detection/isaac_ros_yolov8/install/isaac_ros_yolov8/share/isaac_ros_yolov8/scripts/isaac_ros_yolov8_visualizer.py
[12.968s] -- Up-to-date: /workspaces/isaac_ros-dev/src/isaac_ros_object_detection/isaac_ros_yolov8/install/isaac_ros_yolov8/share/ament_index/resource_index/package_run_dependencies/isaac_ros_yolov8
[12.968s] -- Installing: /workspaces/isaac_ros-dev/src/isaac_ros_object_detection/isaac_ros_yolov8/install/isaac_ros_yolov8/share/ament_index/resource_index/parent_prefix_path/isaac_ros_yolov8
[12.969s] -- Up-to-date: /workspaces/isaac_ros-dev/src/isaac_ros_object_detection/isaac_ros_yolov8/install/isaac_ros_yolov8/share/isaac_ros_yolov8/environment/ament_prefix_path.sh
[12.969s] -- Installing: /workspaces/isaac_ros-dev/src/isaac_ros_object_detection/isaac_ros_yolov8/install/isaac_ros_yolov8/share/isaac_ros_yolov8/environment/ament_prefix_path.dsv
[12.969s] -- Up-to-date: /workspaces/isaac_ros-dev/src/isaac_ros_object_detection/isaac_ros_yolov8/install/isaac_ros_yolov8/share/isaac_ros_yolov8/environment/path.sh
[12.970s] -- Installing: /workspaces/isaac_ros-dev/src/isaac_ros_object_detection/isaac_ros_yolov8/install/isaac_ros_yolov8/share/isaac_ros_yolov8/environment/path.dsv
[12.970s] -- Up-to-date: /workspaces/isaac_ros-dev/src/isaac_ros_object_detection/isaac_ros_yolov8/install/isaac_ros_yolov8/share/isaac_ros_yolov8/local_setup.bash
[12.970s] -- Up-to-date: /workspaces/isaac_ros-dev/src/isaac_ros_object_detection/isaac_ros_yolov8/install/isaac_ros_yolov8/share/isaac_ros_yolov8/local_setup.sh
[12.970s] -- Up-to-date: /workspaces/isaac_ros-dev/src/isaac_ros_object_detection/isaac_ros_yolov8/install/isaac_ros_yolov8/share/isaac_ros_yolov8/local_setup.zsh
[12.970s] -- Installing: /workspaces/isaac_ros-dev/src/isaac_ros_object_detection/isaac_ros_yolov8/install/isaac_ros_yolov8/share/isaac_ros_yolov8/local_setup.dsv
[12.971s] -- Installing: /workspaces/isaac_ros-dev/src/isaac_ros_object_detection/isaac_ros_yolov8/install/isaac_ros_yolov8/share/isaac_ros_yolov8/package.dsv
[12.971s] -- Up-to-date: /workspaces/isaac_ros-dev/src/isaac_ros_object_detection/isaac_ros_yolov8/install/isaac_ros_yolov8/share/ament_index/resource_index/packages/isaac_ros_yolov8
[12.971s] -- Up-to-date: /workspaces/isaac_ros-dev/src/isaac_ros_object_detection/isaac_ros_yolov8/install/isaac_ros_yolov8/share/ament_index/resource_index/rclcpp_components/isaac_ros_yolov8
[12.971s] -- Up-to-date: /workspaces/isaac_ros-dev/src/isaac_ros_object_detection/isaac_ros_yolov8/install/isaac_ros_yolov8/share/isaac_ros_yolov8/cmake/ament_cmake_export_dependencies-extras.cmake
[12.972s] -- Up-to-date: /workspaces/isaac_ros-dev/src/isaac_ros_object_detection/isaac_ros_yolov8/install/isaac_ros_yolov8/share/isaac_ros_yolov8/cmake/ament_cmake_export_include_directories-extras.cmake
[12.972s] -- Up-to-date: /workspaces/isaac_ros-dev/src/isaac_ros_object_detection/isaac_ros_yolov8/install/isaac_ros_yolov8/share/isaac_ros_yolov8/cmake/ament_cmake_export_libraries-extras.cmake
[12.972s] -- Up-to-date: /workspaces/isaac_ros-dev/src/isaac_ros_object_detection/isaac_ros_yolov8/install/isaac_ros_yolov8/share/isaac_ros_yolov8/cmake/isaac_ros_yolov8Config.cmake
[12.972s] -- Up-to-date: /workspaces/isaac_ros-dev/src/isaac_ros_object_detection/isaac_ros_yolov8/install/isaac_ros_yolov8/share/isaac_ros_yolov8/cmake/isaac_ros_yolov8Config-version.cmake
[12.972s] -- Up-to-date: /workspaces/isaac_ros-dev/src/isaac_ros_object_detection/isaac_ros_yolov8/install/isaac_ros_yolov8/share/isaac_ros_yolov8/package.xml
[12.977s] Invoked command in '/workspaces/isaac_ros-dev/src/isaac_ros_object_detection/isaac_ros_yolov8/build/isaac_ros_yolov8' returned '0': CMAKE_PREFIX_PATH=/opt/ros/humble /usr/bin/cmake --install /workspaces/isaac_ros-dev/src/isaac_ros_object_detection/isaac_ros_yolov8/build/isaac_ros_yolov8
