[0.149s] Invoking command in '/workspaces/isaac_ros-dev/src/isaac_ros_object_detection/isaac_ros_yolov8/build/isaac_ros_yolov8': CMAKE_PREFIX_PATH=${CMAKE_PREFIX_PATH}:/opt/ros/humble /usr/bin/cmake --build /workspaces/isaac_ros-dev/src/isaac_ros_object_detection/isaac_ros_yolov8/build/isaac_ros_yolov8 -- -j6 -l6
[0.234s] [35m[1mConsolidate compiler generated dependencies of target yolov8_decoder_node[0m
[0.248s] [  0%] Built target ament_cmake_python_copy_isaac_ros_yolov8
[0.279s] [100%] Built target yolov8_decoder_node
[1.056s] running egg_info
[1.087s] writing isaac_ros_yolov8.egg-info/PKG-INFO
[1.088s] writing dependency_links to isaac_ros_yolov8.egg-info/dependency_links.txt
[1.089s] writing top-level names to isaac_ros_yolov8.egg-info/top_level.txt
[1.181s] reading manifest file 'isaac_ros_yolov8.egg-info/SOURCES.txt'
[1.182s] writing manifest file 'isaac_ros_yolov8.egg-info/SOURCES.txt'
[1.333s] [100%] Built target ament_cmake_python_build_isaac_ros_yolov8_egg
[1.349s] Invoked command in '/workspaces/isaac_ros-dev/src/isaac_ros_object_detection/isaac_ros_yolov8/build/isaac_ros_yolov8' returned '0': CMAKE_PREFIX_PATH=${CMAKE_PREFIX_PATH}:/opt/ros/humble /usr/bin/cmake --build /workspaces/isaac_ros-dev/src/isaac_ros_object_detection/isaac_ros_yolov8/build/isaac_ros_yolov8 -- -j6 -l6
[1.452s] Invoking command in '/workspaces/isaac_ros-dev/src/isaac_ros_object_detection/isaac_ros_yolov8/build/isaac_ros_yolov8': CMAKE_PREFIX_PATH=${CMAKE_PREFIX_PATH}:/opt/ros/humble /usr/bin/cmake --install /workspaces/isaac_ros-dev/src/isaac_ros_object_detection/isaac_ros_yolov8/build/isaac_ros_yolov8
[1.464s] -- Install configuration: "Release"
[1.464s] -- Up-to-date: /workspaces/isaac_ros-dev/src/isaac_ros_object_detection/isaac_ros_yolov8/install/isaac_ros_yolov8/share/isaac_ros_yolov8/environment/pythonpath.sh
[1.464s] -- Up-to-date: /workspaces/isaac_ros-dev/src/isaac_ros_object_detection/isaac_ros_yolov8/install/isaac_ros_yolov8/share/isaac_ros_yolov8/environment/pythonpath.dsv
[1.464s] -- Up-to-date: /workspaces/isaac_ros-dev/src/isaac_ros_object_detection/isaac_ros_yolov8/install/isaac_ros_yolov8/lib/python3.8/site-packages/isaac_ros_yolov8-2.1.0-py3.8.egg-info
[1.465s] -- Installing: /workspaces/isaac_ros-dev/src/isaac_ros_object_detection/isaac_ros_yolov8/install/isaac_ros_yolov8/lib/python3.8/site-packages/isaac_ros_yolov8-2.1.0-py3.8.egg-info/dependency_links.txt
[1.465s] -- Installing: /workspaces/isaac_ros-dev/src/isaac_ros_object_detection/isaac_ros_yolov8/install/isaac_ros_yolov8/lib/python3.8/site-packages/isaac_ros_yolov8-2.1.0-py3.8.egg-info/top_level.txt
[1.465s] -- Installing: /workspaces/isaac_ros-dev/src/isaac_ros_object_detection/isaac_ros_yolov8/install/isaac_ros_yolov8/lib/python3.8/site-packages/isaac_ros_yolov8-2.1.0-py3.8.egg-info/PKG-INFO
[1.465s] -- Installing: /workspaces/isaac_ros-dev/src/isaac_ros_object_detection/isaac_ros_yolov8/install/isaac_ros_yolov8/lib/python3.8/site-packages/isaac_ros_yolov8-2.1.0-py3.8.egg-info/SOURCES.txt
[1.465s] -- Up-to-date: /workspaces/isaac_ros-dev/src/isaac_ros_object_detection/isaac_ros_yolov8/install/isaac_ros_yolov8/lib/python3.8/site-packages/isaac_ros_yolov8
[1.466s] -- Up-to-date: /workspaces/isaac_ros-dev/src/isaac_ros_object_detection/isaac_ros_yolov8/install/isaac_ros_yolov8/lib/python3.8/site-packages/isaac_ros_yolov8/__init__.py
[1.532s] Listing '/workspaces/isaac_ros-dev/src/isaac_ros_object_detection/isaac_ros_yolov8/install/isaac_ros_yolov8/lib/python3.8/site-packages/isaac_ros_yolov8'...
[1.543s] -- Installing: /workspaces/isaac_ros-dev/src/isaac_ros_object_detection/isaac_ros_yolov8/install/isaac_ros_yolov8/lib/isaac_ros_yolov8/isaac_ros_yolov8_visualizer.py
[1.544s] -- Up-to-date: /workspaces/isaac_ros-dev/src/isaac_ros_object_detection/isaac_ros_yolov8/install/isaac_ros_yolov8/lib/isaac_ros_yolov8/image_publisher.py
[1.544s] -- Up-to-date: /workspaces/isaac_ros-dev/src/isaac_ros_object_detection/isaac_ros_yolov8/install/isaac_ros_yolov8/include
[1.544s] -- Up-to-date: /workspaces/isaac_ros-dev/src/isaac_ros_object_detection/isaac_ros_yolov8/install/isaac_ros_yolov8/include/isaac_ros_yolov8
[1.545s] -- Up-to-date: /workspaces/isaac_ros-dev/src/isaac_ros_object_detection/isaac_ros_yolov8/install/isaac_ros_yolov8/include/isaac_ros_yolov8/yolov8_decoder_node.hpp
[1.545s] -- Up-to-date: /workspaces/isaac_ros-dev/src/isaac_ros_object_detection/isaac_ros_yolov8/install/isaac_ros_yolov8/share/isaac_ros_yolov8/environment/library_path.sh
[1.545s] -- Up-to-date: /workspaces/isaac_ros-dev/src/isaac_ros_object_detection/isaac_ros_yolov8/install/isaac_ros_yolov8/share/isaac_ros_yolov8/environment/library_path.dsv
[1.545s] -- Up-to-date: /workspaces/isaac_ros-dev/src/isaac_ros_object_detection/isaac_ros_yolov8/install/isaac_ros_yolov8/lib/libyolov8_decoder_node.so
[1.546s] -- Up-to-date: /workspaces/isaac_ros-dev/src/isaac_ros_object_detection/isaac_ros_yolov8/install/isaac_ros_yolov8/share/isaac_ros_yolov8/launch
[1.546s] -- Up-to-date: /workspaces/isaac_ros-dev/src/isaac_ros_object_detection/isaac_ros_yolov8/install/isaac_ros_yolov8/share/isaac_ros_yolov8/launch/isaac_ros_yolov8_visualize.launch.py
[1.546s] -- Up-to-date: /workspaces/isaac_ros-dev/src/isaac_ros_object_detection/isaac_ros_yolov8/install/isaac_ros_yolov8/share/isaac_ros_yolov8/launch/yolov8_tensor_rt.launch.py
[1.546s] -- Up-to-date: /workspaces/isaac_ros-dev/src/isaac_ros_object_detection/isaac_ros_yolov8/install/isaac_ros_yolov8/share/isaac_ros_yolov8/scripts
[1.546s] -- Up-to-date: /workspaces/isaac_ros-dev/src/isaac_ros_object_detection/isaac_ros_yolov8/install/isaac_ros_yolov8/share/isaac_ros_yolov8/scripts/image_publisher.py
[1.546s] -- Installing: /workspaces/isaac_ros-dev/src/isaac_ros_object_detection/isaac_ros_yolov8/install/isaac_ros_yolov8/share/isaac_ros_yolov8/scripts/isaac_ros_yolov8_visualizer.py
[1.547s] -- Up-to-date: /workspaces/isaac_ros-dev/src/isaac_ros_object_detection/isaac_ros_yolov8/install/isaac_ros_yolov8/share/ament_index/resource_index/package_run_dependencies/isaac_ros_yolov8
[1.547s] -- Up-to-date: /workspaces/isaac_ros-dev/src/isaac_ros_object_detection/isaac_ros_yolov8/install/isaac_ros_yolov8/share/ament_index/resource_index/parent_prefix_path/isaac_ros_yolov8
[1.547s] -- Up-to-date: /workspaces/isaac_ros-dev/src/isaac_ros_object_detection/isaac_ros_yolov8/install/isaac_ros_yolov8/share/isaac_ros_yolov8/environment/ament_prefix_path.sh
[1.547s] -- Up-to-date: /workspaces/isaac_ros-dev/src/isaac_ros_object_detection/isaac_ros_yolov8/install/isaac_ros_yolov8/share/isaac_ros_yolov8/environment/ament_prefix_path.dsv
[1.548s] -- Up-to-date: /workspaces/isaac_ros-dev/src/isaac_ros_object_detection/isaac_ros_yolov8/install/isaac_ros_yolov8/share/isaac_ros_yolov8/environment/path.sh
[1.548s] -- Up-to-date: /workspaces/isaac_ros-dev/src/isaac_ros_object_detection/isaac_ros_yolov8/install/isaac_ros_yolov8/share/isaac_ros_yolov8/environment/path.dsv
[1.548s] -- Up-to-date: /workspaces/isaac_ros-dev/src/isaac_ros_object_detection/isaac_ros_yolov8/install/isaac_ros_yolov8/share/isaac_ros_yolov8/local_setup.bash
[1.548s] -- Up-to-date: /workspaces/isaac_ros-dev/src/isaac_ros_object_detection/isaac_ros_yolov8/install/isaac_ros_yolov8/share/isaac_ros_yolov8/local_setup.sh
[1.548s] -- Up-to-date: /workspaces/isaac_ros-dev/src/isaac_ros_object_detection/isaac_ros_yolov8/install/isaac_ros_yolov8/share/isaac_ros_yolov8/local_setup.zsh
[1.548s] -- Up-to-date: /workspaces/isaac_ros-dev/src/isaac_ros_object_detection/isaac_ros_yolov8/install/isaac_ros_yolov8/share/isaac_ros_yolov8/local_setup.dsv
[1.549s] -- Installing: /workspaces/isaac_ros-dev/src/isaac_ros_object_detection/isaac_ros_yolov8/install/isaac_ros_yolov8/share/isaac_ros_yolov8/package.dsv
[1.549s] -- Up-to-date: /workspaces/isaac_ros-dev/src/isaac_ros_object_detection/isaac_ros_yolov8/install/isaac_ros_yolov8/share/ament_index/resource_index/packages/isaac_ros_yolov8
[1.549s] -- Up-to-date: /workspaces/isaac_ros-dev/src/isaac_ros_object_detection/isaac_ros_yolov8/install/isaac_ros_yolov8/share/ament_index/resource_index/rclcpp_components/isaac_ros_yolov8
[1.549s] -- Up-to-date: /workspaces/isaac_ros-dev/src/isaac_ros_object_detection/isaac_ros_yolov8/install/isaac_ros_yolov8/share/isaac_ros_yolov8/cmake/ament_cmake_export_dependencies-extras.cmake
[1.549s] -- Up-to-date: /workspaces/isaac_ros-dev/src/isaac_ros_object_detection/isaac_ros_yolov8/install/isaac_ros_yolov8/share/isaac_ros_yolov8/cmake/ament_cmake_export_include_directories-extras.cmake
[1.549s] -- Up-to-date: /workspaces/isaac_ros-dev/src/isaac_ros_object_detection/isaac_ros_yolov8/install/isaac_ros_yolov8/share/isaac_ros_yolov8/cmake/ament_cmake_export_libraries-extras.cmake
[1.550s] -- Up-to-date: /workspaces/isaac_ros-dev/src/isaac_ros_object_detection/isaac_ros_yolov8/install/isaac_ros_yolov8/share/isaac_ros_yolov8/cmake/isaac_ros_yolov8Config.cmake
[1.550s] -- Up-to-date: /workspaces/isaac_ros-dev/src/isaac_ros_object_detection/isaac_ros_yolov8/install/isaac_ros_yolov8/share/isaac_ros_yolov8/cmake/isaac_ros_yolov8Config-version.cmake
[1.550s] -- Up-to-date: /workspaces/isaac_ros-dev/src/isaac_ros_object_detection/isaac_ros_yolov8/install/isaac_ros_yolov8/share/isaac_ros_yolov8/package.xml
[1.555s] Invoked command in '/workspaces/isaac_ros-dev/src/isaac_ros_object_detection/isaac_ros_yolov8/build/isaac_ros_yolov8' returned '0': CMAKE_PREFIX_PATH=${CMAKE_PREFIX_PATH}:/opt/ros/humble /usr/bin/cmake --install /workspaces/isaac_ros-dev/src/isaac_ros_object_detection/isaac_ros_yolov8/build/isaac_ros_yolov8
