[5.842s] DEBUG:colcon:Command line arguments: ['/usr/bin/colcon', 'build', '--packages-select', 'isaac_ros_yolov8']
[5.842s] DEBUG:colcon:Parsed command line arguments: Namespace(allow_overriding=[], ament_cmake_args=None, base_paths=['.'], build_base='build', catkin_cmake_args=None, catkin_skip_building_tests=False, cmake_args=None, cmake_clean_cache=False, cmake_clean_first=False, cmake_force_configure=False, cmake_target=None, cmake_target_skip_unavailable=False, continue_on_error=False, event_handlers=None, executor='parallel', ignore_user_meta=False, install_base='install', log_base=None, log_level=None, main=<bound method BuildVerb.main of <colcon_core.verb.build.BuildVerb object at 0xffff8ccb3ee0>>, merge_install=False, metas=['./colcon.meta'], packages_above=None, packages_above_and_dependencies=None, packages_above_depth=None, packages_end=None, packages_ignore=None, packages_ignore_regex=None, packages_select=['isaac_ros_yolov8'], packages_select_build_failed=False, packages_select_by_dep=None, packages_select_regex=None, packages_select_test_failures=False, packages_skip=None, packages_skip_build_finished=False, packages_skip_by_dep=None, packages_skip_regex=None, packages_skip_test_passed=False, packages_skip_up_to=None, packages_start=None, packages_up_to=None, packages_up_to_regex=None, parallel_workers=6, paths=None, symlink_install=False, test_result_base=None, verb_extension=<colcon_core.verb.build.BuildVerb object at 0xffff8ccb3ee0>, verb_name='build', verb_parser=<colcon_defaults.argument_parser.defaults.DefaultArgumentsDecorator object at 0xffff8cca3400>)
[6.150s] Level 1:colcon.colcon_core.package_discovery:discover_packages(colcon_meta) check parameters
[6.150s] Level 1:colcon.colcon_core.package_discovery:discover_packages(recursive) check parameters
[6.150s] Level 1:colcon.colcon_core.package_discovery:discover_packages(ignore) check parameters
[6.150s] Level 1:colcon.colcon_core.package_discovery:discover_packages(path) check parameters
[6.150s] Level 1:colcon.colcon_core.package_discovery:discover_packages(colcon_meta) discover
[6.151s] Level 1:colcon.colcon_core.package_discovery:discover_packages(recursive) discover
[6.151s] INFO:colcon.colcon_core.package_discovery:Crawling recursively for packages in '/workspaces/isaac_ros-dev/src/isaac_ros_object_detection/isaac_ros_yolov8'
[6.151s] Level 1:colcon.colcon_core.package_identification:_identify(.) by extensions ['ignore', 'ignore_ament_install']
[6.151s] Level 1:colcon.colcon_core.package_identification:_identify(.) by extension 'ignore'
[6.152s] Level 1:colcon.colcon_core.package_identification:_identify(.) by extension 'ignore_ament_install'
[6.152s] Level 1:colcon.colcon_core.package_identification:_identify(.) by extensions ['colcon_pkg']
[6.152s] Level 1:colcon.colcon_core.package_identification:_identify(.) by extension 'colcon_pkg'
[6.152s] Level 1:colcon.colcon_core.package_identification:_identify(.) by extensions ['colcon_meta']
[6.152s] Level 1:colcon.colcon_core.package_identification:_identify(.) by extension 'colcon_meta'
[6.152s] Level 1:colcon.colcon_core.package_identification:_identify(.) by extensions ['ros']
[6.152s] Level 1:colcon.colcon_core.package_identification:_identify(.) by extension 'ros'
[6.190s] DEBUG:colcon.colcon_core.package_identification:Package '.' with type 'ros.ament_cmake' and name 'isaac_ros_yolov8'
[6.191s] Level 1:colcon.colcon_core.package_discovery:discover_packages(recursive) using defaults
[6.191s] Level 1:colcon.colcon_core.package_discovery:discover_packages(ignore) discover
[6.191s] Level 1:colcon.colcon_core.package_discovery:discover_packages(ignore) using defaults
[6.191s] Level 1:colcon.colcon_core.package_discovery:discover_packages(path) discover
[6.191s] Level 1:colcon.colcon_core.package_discovery:discover_packages(path) using defaults
[6.381s] Level 1:colcon.colcon_core.package_discovery:discover_packages(prefix_path) check parameters
[6.382s] Level 1:colcon.colcon_core.package_discovery:discover_packages(prefix_path) discover
[6.440s] DEBUG:colcon.colcon_installed_package_information.package_discovery:Found 1 installed packages in /workspaces/isaac_ros-dev/src/isaac_ros_object_detection/isaac_ros_yolov8/install
[6.467s] DEBUG:colcon.colcon_installed_package_information.package_discovery:Found 1 installed packages in /workspaces/isaac_ros-dev/src/isaac_ros_object_detection/install
[6.494s] DEBUG:colcon.colcon_installed_package_information.package_discovery:Found 1 installed packages in /workspaces/isaac_ros-dev/install
[6.522s] DEBUG:colcon.colcon_installed_package_information.package_discovery:Found 11 installed packages in /workspaces/isaac_ros-dev/src/install
[6.551s] DEBUG:colcon.colcon_installed_package_information.package_discovery:Found 302 installed packages in /opt/ros/humble
[6.554s] Level 1:colcon.colcon_core.package_discovery:discover_packages(prefix_path) using defaults
[6.781s] Level 5:colcon.colcon_core.verb:set package 'isaac_ros_yolov8' build argument 'cmake_args' from command line to 'None'
[6.782s] Level 5:colcon.colcon_core.verb:set package 'isaac_ros_yolov8' build argument 'cmake_target' from command line to 'None'
[6.782s] Level 5:colcon.colcon_core.verb:set package 'isaac_ros_yolov8' build argument 'cmake_target_skip_unavailable' from command line to 'False'
[6.782s] Level 5:colcon.colcon_core.verb:set package 'isaac_ros_yolov8' build argument 'cmake_clean_cache' from command line to 'False'
[6.782s] Level 5:colcon.colcon_core.verb:set package 'isaac_ros_yolov8' build argument 'cmake_clean_first' from command line to 'False'
[6.782s] Level 5:colcon.colcon_core.verb:set package 'isaac_ros_yolov8' build argument 'cmake_force_configure' from command line to 'False'
[6.782s] Level 5:colcon.colcon_core.verb:set package 'isaac_ros_yolov8' build argument 'ament_cmake_args' from command line to 'None'
[6.782s] Level 5:colcon.colcon_core.verb:set package 'isaac_ros_yolov8' build argument 'catkin_cmake_args' from command line to 'None'
[6.782s] Level 5:colcon.colcon_core.verb:set package 'isaac_ros_yolov8' build argument 'catkin_skip_building_tests' from command line to 'False'
[6.782s] DEBUG:colcon.colcon_core.verb:Building package 'isaac_ros_yolov8' with the following arguments: {'ament_cmake_args': None, 'build_base': '/workspaces/isaac_ros-dev/src/isaac_ros_object_detection/isaac_ros_yolov8/build/isaac_ros_yolov8', 'catkin_cmake_args': None, 'catkin_skip_building_tests': False, 'cmake_args': None, 'cmake_clean_cache': False, 'cmake_clean_first': False, 'cmake_force_configure': False, 'cmake_target': None, 'cmake_target_skip_unavailable': False, 'install_base': '/workspaces/isaac_ros-dev/src/isaac_ros_object_detection/isaac_ros_yolov8/install/isaac_ros_yolov8', 'merge_install': False, 'path': '/workspaces/isaac_ros-dev/src/isaac_ros_object_detection/isaac_ros_yolov8', 'symlink_install': False, 'test_result_base': None}
[6.809s] INFO:colcon.colcon_core.executor:Executing jobs using 'parallel' executor
[6.838s] DEBUG:colcon.colcon_parallel_executor.executor.parallel:run_until_complete
[6.839s] INFO:colcon.colcon_ros.task.ament_cmake.build:Building ROS package in '/workspaces/isaac_ros-dev/src/isaac_ros_object_detection/isaac_ros_yolov8' with build type 'ament_cmake'
[6.840s] INFO:colcon.colcon_cmake.task.cmake.build:Building CMake package in '/workspaces/isaac_ros-dev/src/isaac_ros_object_detection/isaac_ros_yolov8'
[6.876s] INFO:colcon.colcon_core.plugin_system:Skipping extension 'colcon_core.shell.bat': Not used on non-Windows systems
[6.876s] INFO:colcon.colcon_core.shell:Skip shell extension 'powershell' for command environment: Not usable outside of PowerShell
[6.877s] DEBUG:colcon.colcon_core.shell:Skip shell extension 'dsv' for command environment
[7.347s] DEBUG:colcon.colcon_core.event_handler.log_command:Invoking command in '/workspaces/isaac_ros-dev/src/isaac_ros_object_detection/isaac_ros_yolov8/build/isaac_ros_yolov8': CMAKE_PREFIX_PATH=${CMAKE_PREFIX_PATH}:/workspaces/isaac_ros-dev/src/install/isaac_ros_test:/opt/ros/humble /usr/bin/cmake --build /workspaces/isaac_ros-dev/src/isaac_ros_object_detection/isaac_ros_yolov8/build/isaac_ros_yolov8 -- -j6 -l6
[19.828s] DEBUG:colcon.colcon_core.event_handler.log_command:Invoked command in '/workspaces/isaac_ros-dev/src/isaac_ros_object_detection/isaac_ros_yolov8/build/isaac_ros_yolov8' returned '0': CMAKE_PREFIX_PATH=${CMAKE_PREFIX_PATH}:/workspaces/isaac_ros-dev/src/install/isaac_ros_test:/opt/ros/humble /usr/bin/cmake --build /workspaces/isaac_ros-dev/src/isaac_ros_object_detection/isaac_ros_yolov8/build/isaac_ros_yolov8 -- -j6 -l6
[19.956s] DEBUG:colcon.colcon_core.event_handler.log_command:Invoking command in '/workspaces/isaac_ros-dev/src/isaac_ros_object_detection/isaac_ros_yolov8/build/isaac_ros_yolov8': CMAKE_PREFIX_PATH=${CMAKE_PREFIX_PATH}:/workspaces/isaac_ros-dev/src/install/isaac_ros_test:/opt/ros/humble /usr/bin/cmake --install /workspaces/isaac_ros-dev/src/isaac_ros_object_detection/isaac_ros_yolov8/build/isaac_ros_yolov8
[20.492s] Level 1:colcon.colcon_core.environment:create_environment_scripts_only(isaac_ros_yolov8)
[20.494s] DEBUG:colcon.colcon_core.event_handler.log_command:Invoked command in '/workspaces/isaac_ros-dev/src/isaac_ros_object_detection/isaac_ros_yolov8/build/isaac_ros_yolov8' returned '0': CMAKE_PREFIX_PATH=${CMAKE_PREFIX_PATH}:/workspaces/isaac_ros-dev/src/install/isaac_ros_test:/opt/ros/humble /usr/bin/cmake --install /workspaces/isaac_ros-dev/src/isaac_ros_object_detection/isaac_ros_yolov8/build/isaac_ros_yolov8
[20.549s] Level 1:colcon.colcon_core.environment:checking '/workspaces/isaac_ros-dev/src/isaac_ros_object_detection/isaac_ros_yolov8/install/isaac_ros_yolov8' for CMake module files
[20.550s] Level 1:colcon.colcon_core.environment:checking '/workspaces/isaac_ros-dev/src/isaac_ros_object_detection/isaac_ros_yolov8/install/isaac_ros_yolov8' for CMake config files
[20.551s] Level 1:colcon.colcon_core.shell:create_environment_hook('isaac_ros_yolov8', 'cmake_prefix_path')
[20.579s] INFO:colcon.colcon_core.shell:Creating environment hook '/workspaces/isaac_ros-dev/src/isaac_ros_object_detection/isaac_ros_yolov8/install/isaac_ros_yolov8/share/isaac_ros_yolov8/hook/cmake_prefix_path.ps1'
[20.581s] INFO:colcon.colcon_core.shell:Creating environment descriptor '/workspaces/isaac_ros-dev/src/isaac_ros_object_detection/isaac_ros_yolov8/install/isaac_ros_yolov8/share/isaac_ros_yolov8/hook/cmake_prefix_path.dsv'
[20.582s] INFO:colcon.colcon_core.shell:Creating environment hook '/workspaces/isaac_ros-dev/src/isaac_ros_object_detection/isaac_ros_yolov8/install/isaac_ros_yolov8/share/isaac_ros_yolov8/hook/cmake_prefix_path.sh'
[20.595s] Level 1:colcon.colcon_core.environment:checking '/workspaces/isaac_ros-dev/src/isaac_ros_object_detection/isaac_ros_yolov8/install/isaac_ros_yolov8/lib'
[20.596s] Level 1:colcon.colcon_core.shell:create_environment_hook('isaac_ros_yolov8', 'ld_library_path_lib')
[20.629s] INFO:colcon.colcon_core.shell:Creating environment hook '/workspaces/isaac_ros-dev/src/isaac_ros_object_detection/isaac_ros_yolov8/install/isaac_ros_yolov8/share/isaac_ros_yolov8/hook/ld_library_path_lib.ps1'
[20.630s] INFO:colcon.colcon_core.shell:Creating environment descriptor '/workspaces/isaac_ros-dev/src/isaac_ros_object_detection/isaac_ros_yolov8/install/isaac_ros_yolov8/share/isaac_ros_yolov8/hook/ld_library_path_lib.dsv'
[20.631s] INFO:colcon.colcon_core.shell:Creating environment hook '/workspaces/isaac_ros-dev/src/isaac_ros_object_detection/isaac_ros_yolov8/install/isaac_ros_yolov8/share/isaac_ros_yolov8/hook/ld_library_path_lib.sh'
[20.632s] Level 1:colcon.colcon_core.environment:checking '/workspaces/isaac_ros-dev/src/isaac_ros_object_detection/isaac_ros_yolov8/install/isaac_ros_yolov8/bin'
[20.632s] Level 1:colcon.colcon_core.environment:checking '/workspaces/isaac_ros-dev/src/isaac_ros_object_detection/isaac_ros_yolov8/install/isaac_ros_yolov8/lib/pkgconfig/isaac_ros_yolov8.pc'
[20.632s] Level 1:colcon.colcon_core.environment:checking '/workspaces/isaac_ros-dev/src/isaac_ros_object_detection/isaac_ros_yolov8/install/isaac_ros_yolov8/lib/python3.8/site-packages'
[20.632s] Level 1:colcon.colcon_core.shell:create_environment_hook('isaac_ros_yolov8', 'pythonpath')
[20.660s] INFO:colcon.colcon_core.shell:Creating environment hook '/workspaces/isaac_ros-dev/src/isaac_ros_object_detection/isaac_ros_yolov8/install/isaac_ros_yolov8/share/isaac_ros_yolov8/hook/pythonpath.ps1'
[20.661s] INFO:colcon.colcon_core.shell:Creating environment descriptor '/workspaces/isaac_ros-dev/src/isaac_ros_object_detection/isaac_ros_yolov8/install/isaac_ros_yolov8/share/isaac_ros_yolov8/hook/pythonpath.dsv'
[20.662s] INFO:colcon.colcon_core.shell:Creating environment hook '/workspaces/isaac_ros-dev/src/isaac_ros_object_detection/isaac_ros_yolov8/install/isaac_ros_yolov8/share/isaac_ros_yolov8/hook/pythonpath.sh'
[20.663s] Level 1:colcon.colcon_core.environment:checking '/workspaces/isaac_ros-dev/src/isaac_ros_object_detection/isaac_ros_yolov8/install/isaac_ros_yolov8/bin'
[20.690s] INFO:colcon.colcon_core.shell:Creating package script '/workspaces/isaac_ros-dev/src/isaac_ros_object_detection/isaac_ros_yolov8/install/isaac_ros_yolov8/share/isaac_ros_yolov8/package.ps1'
[20.692s] INFO:colcon.colcon_core.shell:Creating package descriptor '/workspaces/isaac_ros-dev/src/isaac_ros_object_detection/isaac_ros_yolov8/install/isaac_ros_yolov8/share/isaac_ros_yolov8/package.dsv'
[20.693s] INFO:colcon.colcon_core.shell:Creating package script '/workspaces/isaac_ros-dev/src/isaac_ros_object_detection/isaac_ros_yolov8/install/isaac_ros_yolov8/share/isaac_ros_yolov8/package.sh'
[20.695s] INFO:colcon.colcon_core.shell:Creating package script '/workspaces/isaac_ros-dev/src/isaac_ros_object_detection/isaac_ros_yolov8/install/isaac_ros_yolov8/share/isaac_ros_yolov8/package.bash'
[20.696s] INFO:colcon.colcon_core.shell:Creating package script '/workspaces/isaac_ros-dev/src/isaac_ros_object_detection/isaac_ros_yolov8/install/isaac_ros_yolov8/share/isaac_ros_yolov8/package.zsh'
[20.697s] Level 1:colcon.colcon_core.environment:create_file_with_runtime_dependencies(/workspaces/isaac_ros-dev/src/isaac_ros_object_detection/isaac_ros_yolov8/install/isaac_ros_yolov8/share/colcon-core/packages/isaac_ros_yolov8)
[20.896s] Level 1:colcon.colcon_core.environment:create_environment_scripts_only(isaac_ros_yolov8)
[20.927s] Level 1:colcon.colcon_core.environment:checking '/workspaces/isaac_ros-dev/src/isaac_ros_object_detection/isaac_ros_yolov8/install/isaac_ros_yolov8' for CMake module files
[20.929s] Level 1:colcon.colcon_core.environment:checking '/workspaces/isaac_ros-dev/src/isaac_ros_object_detection/isaac_ros_yolov8/install/isaac_ros_yolov8' for CMake config files
[20.929s] Level 1:colcon.colcon_core.shell:create_environment_hook('isaac_ros_yolov8', 'cmake_prefix_path')
[20.957s] INFO:colcon.colcon_core.shell:Creating environment hook '/workspaces/isaac_ros-dev/src/isaac_ros_object_detection/isaac_ros_yolov8/install/isaac_ros_yolov8/share/isaac_ros_yolov8/hook/cmake_prefix_path.ps1'
[20.959s] INFO:colcon.colcon_core.shell:Creating environment descriptor '/workspaces/isaac_ros-dev/src/isaac_ros_object_detection/isaac_ros_yolov8/install/isaac_ros_yolov8/share/isaac_ros_yolov8/hook/cmake_prefix_path.dsv'
[20.960s] INFO:colcon.colcon_core.shell:Creating environment hook '/workspaces/isaac_ros-dev/src/isaac_ros_object_detection/isaac_ros_yolov8/install/isaac_ros_yolov8/share/isaac_ros_yolov8/hook/cmake_prefix_path.sh'
[20.961s] Level 1:colcon.colcon_core.environment:checking '/workspaces/isaac_ros-dev/src/isaac_ros_object_detection/isaac_ros_yolov8/install/isaac_ros_yolov8/lib'
[20.961s] Level 1:colcon.colcon_core.shell:create_environment_hook('isaac_ros_yolov8', 'ld_library_path_lib')
[20.991s] INFO:colcon.colcon_core.shell:Creating environment hook '/workspaces/isaac_ros-dev/src/isaac_ros_object_detection/isaac_ros_yolov8/install/isaac_ros_yolov8/share/isaac_ros_yolov8/hook/ld_library_path_lib.ps1'
[21.106s] INFO:colcon.colcon_core.shell:Creating environment descriptor '/workspaces/isaac_ros-dev/src/isaac_ros_object_detection/isaac_ros_yolov8/install/isaac_ros_yolov8/share/isaac_ros_yolov8/hook/ld_library_path_lib.dsv'
[21.107s] INFO:colcon.colcon_core.shell:Creating environment hook '/workspaces/isaac_ros-dev/src/isaac_ros_object_detection/isaac_ros_yolov8/install/isaac_ros_yolov8/share/isaac_ros_yolov8/hook/ld_library_path_lib.sh'
[21.108s] Level 1:colcon.colcon_core.environment:checking '/workspaces/isaac_ros-dev/src/isaac_ros_object_detection/isaac_ros_yolov8/install/isaac_ros_yolov8/bin'
[21.108s] Level 1:colcon.colcon_core.environment:checking '/workspaces/isaac_ros-dev/src/isaac_ros_object_detection/isaac_ros_yolov8/install/isaac_ros_yolov8/lib/pkgconfig/isaac_ros_yolov8.pc'
[21.109s] Level 1:colcon.colcon_core.environment:checking '/workspaces/isaac_ros-dev/src/isaac_ros_object_detection/isaac_ros_yolov8/install/isaac_ros_yolov8/lib/python3.8/site-packages'
[21.109s] Level 1:colcon.colcon_core.shell:create_environment_hook('isaac_ros_yolov8', 'pythonpath')
[21.137s] INFO:colcon.colcon_core.shell:Creating environment hook '/workspaces/isaac_ros-dev/src/isaac_ros_object_detection/isaac_ros_yolov8/install/isaac_ros_yolov8/share/isaac_ros_yolov8/hook/pythonpath.ps1'
[21.138s] INFO:colcon.colcon_core.shell:Creating environment descriptor '/workspaces/isaac_ros-dev/src/isaac_ros_object_detection/isaac_ros_yolov8/install/isaac_ros_yolov8/share/isaac_ros_yolov8/hook/pythonpath.dsv'
[21.139s] INFO:colcon.colcon_core.shell:Creating environment hook '/workspaces/isaac_ros-dev/src/isaac_ros_object_detection/isaac_ros_yolov8/install/isaac_ros_yolov8/share/isaac_ros_yolov8/hook/pythonpath.sh'
[21.140s] Level 1:colcon.colcon_core.environment:checking '/workspaces/isaac_ros-dev/src/isaac_ros_object_detection/isaac_ros_yolov8/install/isaac_ros_yolov8/bin'
[21.175s] INFO:colcon.colcon_core.shell:Creating package script '/workspaces/isaac_ros-dev/src/isaac_ros_object_detection/isaac_ros_yolov8/install/isaac_ros_yolov8/share/isaac_ros_yolov8/package.ps1'
[21.176s] INFO:colcon.colcon_core.shell:Creating package descriptor '/workspaces/isaac_ros-dev/src/isaac_ros_object_detection/isaac_ros_yolov8/install/isaac_ros_yolov8/share/isaac_ros_yolov8/package.dsv'
[21.177s] INFO:colcon.colcon_core.shell:Creating package script '/workspaces/isaac_ros-dev/src/isaac_ros_object_detection/isaac_ros_yolov8/install/isaac_ros_yolov8/share/isaac_ros_yolov8/package.sh'
[21.178s] INFO:colcon.colcon_core.shell:Creating package script '/workspaces/isaac_ros-dev/src/isaac_ros_object_detection/isaac_ros_yolov8/install/isaac_ros_yolov8/share/isaac_ros_yolov8/package.bash'
[21.179s] INFO:colcon.colcon_core.shell:Creating package script '/workspaces/isaac_ros-dev/src/isaac_ros_object_detection/isaac_ros_yolov8/install/isaac_ros_yolov8/share/isaac_ros_yolov8/package.zsh'
[21.180s] Level 1:colcon.colcon_core.environment:create_file_with_runtime_dependencies(/workspaces/isaac_ros-dev/src/isaac_ros_object_detection/isaac_ros_yolov8/install/isaac_ros_yolov8/share/colcon-core/packages/isaac_ros_yolov8)
[21.181s] DEBUG:colcon.colcon_parallel_executor.executor.parallel:closing loop
[21.182s] DEBUG:colcon.colcon_parallel_executor.executor.parallel:loop closed
[21.182s] DEBUG:colcon.colcon_parallel_executor.executor.parallel:run_until_complete finished with '0'
[21.182s] DEBUG:colcon.colcon_core.event_reactor:joining thread
[21.225s] INFO:colcon.colcon_core.plugin_system:Skipping extension 'colcon_notification.desktop_notification.notify_send': Could not find 'notify-send'
[21.225s] INFO:colcon.colcon_core.plugin_system:Skipping extension 'colcon_notification.desktop_notification.terminal_notifier': Not used on non-Darwin systems
[21.226s] INFO:colcon.colcon_core.plugin_system:Skipping extension 'colcon_notification.desktop_notification.win32': Not used on non-Windows systems
[21.226s] INFO:colcon.colcon_notification.desktop_notification:Sending desktop notification using 'notify2'
[21.366s] DEBUG:colcon.colcon_notification.desktop_notification.notify2:Failed to initialize notify2: org.freedesktop.DBus.Error.ServiceUnknown: The name org.freedesktop.Notifications was not provided by any .service files
[21.368s] DEBUG:colcon.colcon_core.event_reactor:joined thread
[21.399s] INFO:colcon.colcon_core.shell:Creating prefix script '/workspaces/isaac_ros-dev/src/isaac_ros_object_detection/isaac_ros_yolov8/install/local_setup.ps1'
[21.402s] INFO:colcon.colcon_core.shell:Creating prefix util module '/workspaces/isaac_ros-dev/src/isaac_ros_object_detection/isaac_ros_yolov8/install/_local_setup_util_ps1.py'
[21.406s] INFO:colcon.colcon_core.shell:Creating prefix chain script '/workspaces/isaac_ros-dev/src/isaac_ros_object_detection/isaac_ros_yolov8/install/setup.ps1'
[21.441s] INFO:colcon.colcon_core.shell:Creating prefix script '/workspaces/isaac_ros-dev/src/isaac_ros_object_detection/isaac_ros_yolov8/install/local_setup.sh'
[21.442s] INFO:colcon.colcon_core.shell:Creating prefix util module '/workspaces/isaac_ros-dev/src/isaac_ros_object_detection/isaac_ros_yolov8/install/_local_setup_util_sh.py'
[21.443s] INFO:colcon.colcon_core.shell:Creating prefix chain script '/workspaces/isaac_ros-dev/src/isaac_ros_object_detection/isaac_ros_yolov8/install/setup.sh'
[21.473s] INFO:colcon.colcon_core.shell:Creating prefix script '/workspaces/isaac_ros-dev/src/isaac_ros_object_detection/isaac_ros_yolov8/install/local_setup.bash'
[21.474s] INFO:colcon.colcon_core.shell:Creating prefix chain script '/workspaces/isaac_ros-dev/src/isaac_ros_object_detection/isaac_ros_yolov8/install/setup.bash'
[21.504s] INFO:colcon.colcon_core.shell:Creating prefix script '/workspaces/isaac_ros-dev/src/isaac_ros_object_detection/isaac_ros_yolov8/install/local_setup.zsh'
[21.505s] INFO:colcon.colcon_core.shell:Creating prefix chain script '/workspaces/isaac_ros-dev/src/isaac_ros_object_detection/isaac_ros_yolov8/install/setup.zsh'
