[5.694s] DEBUG:colcon:Command line arguments: ['/usr/bin/colcon', 'build', '--packages-select', 'isaac_ros_yolov8']
[5.694s] DEBUG:colcon:Parsed command line arguments: Namespace(allow_overriding=[], ament_cmake_args=None, base_paths=['.'], build_base='build', catkin_cmake_args=None, catkin_skip_building_tests=False, cmake_args=None, cmake_clean_cache=False, cmake_clean_first=False, cmake_force_configure=False, cmake_target=None, cmake_target_skip_unavailable=False, continue_on_error=False, event_handlers=None, executor='parallel', ignore_user_meta=False, install_base='install', log_base=None, log_level=None, main=<bound method BuildVerb.main of <colcon_core.verb.build.BuildVerb object at 0xffffb1239dc0>>, merge_install=False, metas=['./colcon.meta'], packages_above=None, packages_above_and_dependencies=None, packages_above_depth=None, packages_end=None, packages_ignore=None, packages_ignore_regex=None, packages_select=['isaac_ros_yolov8'], packages_select_build_failed=False, packages_select_by_dep=None, packages_select_regex=None, packages_select_test_failures=False, packages_skip=None, packages_skip_build_finished=False, packages_skip_by_dep=None, packages_skip_regex=None, packages_skip_test_passed=False, packages_skip_up_to=None, packages_start=None, packages_up_to=None, packages_up_to_regex=None, parallel_workers=6, paths=None, symlink_install=False, test_result_base=None, verb_extension=<colcon_core.verb.build.BuildVerb object at 0xffffb1239dc0>, verb_name='build', verb_parser=<colcon_defaults.argument_parser.defaults.DefaultArgumentsDecorator object at 0xffffb1239a30>)
[5.998s] Level 1:colcon.colcon_core.package_discovery:discover_packages(colcon_meta) check parameters
[5.999s] Level 1:colcon.colcon_core.package_discovery:discover_packages(recursive) check parameters
[5.999s] Level 1:colcon.colcon_core.package_discovery:discover_packages(ignore) check parameters
[5.999s] Level 1:colcon.colcon_core.package_discovery:discover_packages(path) check parameters
[5.999s] Level 1:colcon.colcon_core.package_discovery:discover_packages(colcon_meta) discover
[5.999s] Level 1:colcon.colcon_core.package_discovery:discover_packages(recursive) discover
[5.999s] INFO:colcon.colcon_core.package_discovery:Crawling recursively for packages in '/workspaces/isaac_ros-dev/src/isaac_ros_object_detection/isaac_ros_yolov8'
[5.999s] Level 1:colcon.colcon_core.package_identification:_identify(.) by extensions ['ignore', 'ignore_ament_install']
[6.000s] Level 1:colcon.colcon_core.package_identification:_identify(.) by extension 'ignore'
[6.000s] Level 1:colcon.colcon_core.package_identification:_identify(.) by extension 'ignore_ament_install'
[6.000s] Level 1:colcon.colcon_core.package_identification:_identify(.) by extensions ['colcon_pkg']
[6.000s] Level 1:colcon.colcon_core.package_identification:_identify(.) by extension 'colcon_pkg'
[6.000s] Level 1:colcon.colcon_core.package_identification:_identify(.) by extensions ['colcon_meta']
[6.000s] Level 1:colcon.colcon_core.package_identification:_identify(.) by extension 'colcon_meta'
[6.000s] Level 1:colcon.colcon_core.package_identification:_identify(.) by extensions ['ros']
[6.000s] Level 1:colcon.colcon_core.package_identification:_identify(.) by extension 'ros'
[6.038s] DEBUG:colcon.colcon_core.package_identification:Package '.' with type 'ros.ament_cmake' and name 'isaac_ros_yolov8'
[6.038s] Level 1:colcon.colcon_core.package_discovery:discover_packages(recursive) using defaults
[6.038s] Level 1:colcon.colcon_core.package_discovery:discover_packages(ignore) discover
[6.039s] Level 1:colcon.colcon_core.package_discovery:discover_packages(ignore) using defaults
[6.039s] Level 1:colcon.colcon_core.package_discovery:discover_packages(path) discover
[6.039s] Level 1:colcon.colcon_core.package_discovery:discover_packages(path) using defaults
[6.229s] Level 1:colcon.colcon_core.package_discovery:discover_packages(prefix_path) check parameters
[6.230s] Level 1:colcon.colcon_core.package_discovery:discover_packages(prefix_path) discover
[6.287s] DEBUG:colcon.colcon_installed_package_information.package_discovery:Found 1 installed packages in /workspaces/isaac_ros-dev/install
[6.315s] DEBUG:colcon.colcon_installed_package_information.package_discovery:Found 11 installed packages in /workspaces/isaac_ros-dev/src/install
[6.343s] DEBUG:colcon.colcon_installed_package_information.package_discovery:Found 1 installed packages in /workspaces/isaac_ros-dev/src/isaac_ros_object_detection/install
[6.369s] DEBUG:colcon.colcon_installed_package_information.package_discovery:Found 1 installed packages in /workspaces/isaac_ros-dev/src/isaac_ros_object_detection/isaac_ros_yolov8/install
[6.399s] DEBUG:colcon.colcon_installed_package_information.package_discovery:Found 302 installed packages in /opt/ros/humble
[6.402s] Level 1:colcon.colcon_core.package_discovery:discover_packages(prefix_path) using defaults
[6.631s] Level 5:colcon.colcon_core.verb:set package 'isaac_ros_yolov8' build argument 'cmake_args' from command line to 'None'
[6.632s] Level 5:colcon.colcon_core.verb:set package 'isaac_ros_yolov8' build argument 'cmake_target' from command line to 'None'
[6.632s] Level 5:colcon.colcon_core.verb:set package 'isaac_ros_yolov8' build argument 'cmake_target_skip_unavailable' from command line to 'False'
[6.632s] Level 5:colcon.colcon_core.verb:set package 'isaac_ros_yolov8' build argument 'cmake_clean_cache' from command line to 'False'
[6.632s] Level 5:colcon.colcon_core.verb:set package 'isaac_ros_yolov8' build argument 'cmake_clean_first' from command line to 'False'
[6.632s] Level 5:colcon.colcon_core.verb:set package 'isaac_ros_yolov8' build argument 'cmake_force_configure' from command line to 'False'
[6.632s] Level 5:colcon.colcon_core.verb:set package 'isaac_ros_yolov8' build argument 'ament_cmake_args' from command line to 'None'
[6.632s] Level 5:colcon.colcon_core.verb:set package 'isaac_ros_yolov8' build argument 'catkin_cmake_args' from command line to 'None'
[6.632s] Level 5:colcon.colcon_core.verb:set package 'isaac_ros_yolov8' build argument 'catkin_skip_building_tests' from command line to 'False'
[6.632s] DEBUG:colcon.colcon_core.verb:Building package 'isaac_ros_yolov8' with the following arguments: {'ament_cmake_args': None, 'build_base': '/workspaces/isaac_ros-dev/src/isaac_ros_object_detection/isaac_ros_yolov8/build/isaac_ros_yolov8', 'catkin_cmake_args': None, 'catkin_skip_building_tests': False, 'cmake_args': None, 'cmake_clean_cache': False, 'cmake_clean_first': False, 'cmake_force_configure': False, 'cmake_target': None, 'cmake_target_skip_unavailable': False, 'install_base': '/workspaces/isaac_ros-dev/src/isaac_ros_object_detection/isaac_ros_yolov8/install/isaac_ros_yolov8', 'merge_install': False, 'path': '/workspaces/isaac_ros-dev/src/isaac_ros_object_detection/isaac_ros_yolov8', 'symlink_install': False, 'test_result_base': None}
[6.659s] INFO:colcon.colcon_core.executor:Executing jobs using 'parallel' executor
[6.689s] DEBUG:colcon.colcon_parallel_executor.executor.parallel:run_until_complete
[6.690s] INFO:colcon.colcon_ros.task.ament_cmake.build:Building ROS package in '/workspaces/isaac_ros-dev/src/isaac_ros_object_detection/isaac_ros_yolov8' with build type 'ament_cmake'
[6.690s] INFO:colcon.colcon_cmake.task.cmake.build:Building CMake package in '/workspaces/isaac_ros-dev/src/isaac_ros_object_detection/isaac_ros_yolov8'
[6.726s] INFO:colcon.colcon_core.plugin_system:Skipping extension 'colcon_core.shell.bat': Not used on non-Windows systems
[6.726s] INFO:colcon.colcon_core.shell:Skip shell extension 'powershell' for command environment: Not usable outside of PowerShell
[6.726s] DEBUG:colcon.colcon_core.shell:Skip shell extension 'dsv' for command environment
[6.923s] DEBUG:colcon.colcon_core.event_handler.log_command:Invoking command in '/workspaces/isaac_ros-dev/src/isaac_ros_object_detection/isaac_ros_yolov8/build/isaac_ros_yolov8': CMAKE_PREFIX_PATH=${CMAKE_PREFIX_PATH}:/workspaces/isaac_ros-dev/src/install/isaac_ros_test:/opt/ros/humble /usr/bin/cmake --build /workspaces/isaac_ros-dev/src/isaac_ros_object_detection/isaac_ros_yolov8/build/isaac_ros_yolov8 -- -j6 -l6
[8.203s] DEBUG:colcon.colcon_core.event_handler.log_command:Invoked command in '/workspaces/isaac_ros-dev/src/isaac_ros_object_detection/isaac_ros_yolov8/build/isaac_ros_yolov8' returned '2': CMAKE_PREFIX_PATH=${CMAKE_PREFIX_PATH}:/workspaces/isaac_ros-dev/src/install/isaac_ros_test:/opt/ros/humble /usr/bin/cmake --build /workspaces/isaac_ros-dev/src/isaac_ros_object_detection/isaac_ros_yolov8/build/isaac_ros_yolov8 -- -j6 -l6
[8.347s] Level 1:colcon.colcon_core.environment:create_environment_scripts_only(isaac_ros_yolov8)
[8.381s] Level 1:colcon.colcon_core.environment:checking '/workspaces/isaac_ros-dev/src/isaac_ros_object_detection/isaac_ros_yolov8/install/isaac_ros_yolov8' for CMake module files
[8.382s] Level 1:colcon.colcon_core.environment:checking '/workspaces/isaac_ros-dev/src/isaac_ros_object_detection/isaac_ros_yolov8/install/isaac_ros_yolov8' for CMake config files
[8.383s] Level 1:colcon.colcon_core.shell:create_environment_hook('isaac_ros_yolov8', 'cmake_prefix_path')
[8.412s] INFO:colcon.colcon_core.shell:Creating environment hook '/workspaces/isaac_ros-dev/src/isaac_ros_object_detection/isaac_ros_yolov8/install/isaac_ros_yolov8/share/isaac_ros_yolov8/hook/cmake_prefix_path.ps1'
[8.414s] INFO:colcon.colcon_core.shell:Creating environment descriptor '/workspaces/isaac_ros-dev/src/isaac_ros_object_detection/isaac_ros_yolov8/install/isaac_ros_yolov8/share/isaac_ros_yolov8/hook/cmake_prefix_path.dsv'
[8.415s] INFO:colcon.colcon_core.shell:Creating environment hook '/workspaces/isaac_ros-dev/src/isaac_ros_object_detection/isaac_ros_yolov8/install/isaac_ros_yolov8/share/isaac_ros_yolov8/hook/cmake_prefix_path.sh'
[8.422s] Level 1:colcon.colcon_core.environment:checking '/workspaces/isaac_ros-dev/src/isaac_ros_object_detection/isaac_ros_yolov8/install/isaac_ros_yolov8/lib'
[8.422s] Level 1:colcon.colcon_core.shell:create_environment_hook('isaac_ros_yolov8', 'ld_library_path_lib')
[8.450s] INFO:colcon.colcon_core.shell:Creating environment hook '/workspaces/isaac_ros-dev/src/isaac_ros_object_detection/isaac_ros_yolov8/install/isaac_ros_yolov8/share/isaac_ros_yolov8/hook/ld_library_path_lib.ps1'
[8.451s] INFO:colcon.colcon_core.shell:Creating environment descriptor '/workspaces/isaac_ros-dev/src/isaac_ros_object_detection/isaac_ros_yolov8/install/isaac_ros_yolov8/share/isaac_ros_yolov8/hook/ld_library_path_lib.dsv'
[8.452s] INFO:colcon.colcon_core.shell:Creating environment hook '/workspaces/isaac_ros-dev/src/isaac_ros_object_detection/isaac_ros_yolov8/install/isaac_ros_yolov8/share/isaac_ros_yolov8/hook/ld_library_path_lib.sh'
[8.453s] Level 1:colcon.colcon_core.environment:checking '/workspaces/isaac_ros-dev/src/isaac_ros_object_detection/isaac_ros_yolov8/install/isaac_ros_yolov8/bin'
[8.453s] Level 1:colcon.colcon_core.environment:checking '/workspaces/isaac_ros-dev/src/isaac_ros_object_detection/isaac_ros_yolov8/install/isaac_ros_yolov8/lib/pkgconfig/isaac_ros_yolov8.pc'
[8.453s] Level 1:colcon.colcon_core.environment:checking '/workspaces/isaac_ros-dev/src/isaac_ros_object_detection/isaac_ros_yolov8/install/isaac_ros_yolov8/lib/python3.8/site-packages'
[8.454s] Level 1:colcon.colcon_core.shell:create_environment_hook('isaac_ros_yolov8', 'pythonpath')
[8.481s] INFO:colcon.colcon_core.shell:Creating environment hook '/workspaces/isaac_ros-dev/src/isaac_ros_object_detection/isaac_ros_yolov8/install/isaac_ros_yolov8/share/isaac_ros_yolov8/hook/pythonpath.ps1'
[8.482s] INFO:colcon.colcon_core.shell:Creating environment descriptor '/workspaces/isaac_ros-dev/src/isaac_ros_object_detection/isaac_ros_yolov8/install/isaac_ros_yolov8/share/isaac_ros_yolov8/hook/pythonpath.dsv'
[8.483s] INFO:colcon.colcon_core.shell:Creating environment hook '/workspaces/isaac_ros-dev/src/isaac_ros_object_detection/isaac_ros_yolov8/install/isaac_ros_yolov8/share/isaac_ros_yolov8/hook/pythonpath.sh'
[8.484s] Level 1:colcon.colcon_core.environment:checking '/workspaces/isaac_ros-dev/src/isaac_ros_object_detection/isaac_ros_yolov8/install/isaac_ros_yolov8/bin'
[8.579s] INFO:colcon.colcon_core.shell:Creating package script '/workspaces/isaac_ros-dev/src/isaac_ros_object_detection/isaac_ros_yolov8/install/isaac_ros_yolov8/share/isaac_ros_yolov8/package.ps1'
[8.582s] INFO:colcon.colcon_core.shell:Creating package descriptor '/workspaces/isaac_ros-dev/src/isaac_ros_object_detection/isaac_ros_yolov8/install/isaac_ros_yolov8/share/isaac_ros_yolov8/package.dsv'
[8.584s] INFO:colcon.colcon_core.shell:Creating package script '/workspaces/isaac_ros-dev/src/isaac_ros_object_detection/isaac_ros_yolov8/install/isaac_ros_yolov8/share/isaac_ros_yolov8/package.sh'
[8.586s] INFO:colcon.colcon_core.shell:Creating package script '/workspaces/isaac_ros-dev/src/isaac_ros_object_detection/isaac_ros_yolov8/install/isaac_ros_yolov8/share/isaac_ros_yolov8/package.bash'
[8.587s] INFO:colcon.colcon_core.shell:Creating package script '/workspaces/isaac_ros-dev/src/isaac_ros_object_detection/isaac_ros_yolov8/install/isaac_ros_yolov8/share/isaac_ros_yolov8/package.zsh'
[8.590s] Level 1:colcon.colcon_core.environment:create_file_with_runtime_dependencies(/workspaces/isaac_ros-dev/src/isaac_ros_object_detection/isaac_ros_yolov8/install/isaac_ros_yolov8/share/colcon-core/packages/isaac_ros_yolov8)
[8.602s] DEBUG:colcon.colcon_parallel_executor.executor.parallel:closing loop
[8.602s] DEBUG:colcon.colcon_parallel_executor.executor.parallel:loop closed
[8.602s] DEBUG:colcon.colcon_parallel_executor.executor.parallel:run_until_complete finished with '2'
[8.602s] DEBUG:colcon.colcon_core.event_reactor:joining thread
[8.646s] INFO:colcon.colcon_core.plugin_system:Skipping extension 'colcon_notification.desktop_notification.notify_send': Could not find 'notify-send'
[8.646s] INFO:colcon.colcon_core.plugin_system:Skipping extension 'colcon_notification.desktop_notification.terminal_notifier': Not used on non-Darwin systems
[8.646s] INFO:colcon.colcon_core.plugin_system:Skipping extension 'colcon_notification.desktop_notification.win32': Not used on non-Windows systems
[8.646s] INFO:colcon.colcon_notification.desktop_notification:Sending desktop notification using 'notify2'
[8.820s] DEBUG:colcon.colcon_notification.desktop_notification.notify2:Failed to initialize notify2: org.freedesktop.DBus.Error.ServiceUnknown: The name org.freedesktop.Notifications was not provided by any .service files
[8.821s] DEBUG:colcon.colcon_core.event_reactor:joined thread
[8.854s] INFO:colcon.colcon_core.shell:Creating prefix script '/workspaces/isaac_ros-dev/src/isaac_ros_object_detection/isaac_ros_yolov8/install/local_setup.ps1'
[8.856s] INFO:colcon.colcon_core.shell:Creating prefix util module '/workspaces/isaac_ros-dev/src/isaac_ros_object_detection/isaac_ros_yolov8/install/_local_setup_util_ps1.py'
[8.869s] INFO:colcon.colcon_core.shell:Creating prefix chain script '/workspaces/isaac_ros-dev/src/isaac_ros_object_detection/isaac_ros_yolov8/install/setup.ps1'
[8.906s] INFO:colcon.colcon_core.shell:Creating prefix script '/workspaces/isaac_ros-dev/src/isaac_ros_object_detection/isaac_ros_yolov8/install/local_setup.sh'
[8.907s] INFO:colcon.colcon_core.shell:Creating prefix util module '/workspaces/isaac_ros-dev/src/isaac_ros_object_detection/isaac_ros_yolov8/install/_local_setup_util_sh.py'
[8.908s] INFO:colcon.colcon_core.shell:Creating prefix chain script '/workspaces/isaac_ros-dev/src/isaac_ros_object_detection/isaac_ros_yolov8/install/setup.sh'
[8.939s] INFO:colcon.colcon_core.shell:Creating prefix script '/workspaces/isaac_ros-dev/src/isaac_ros_object_detection/isaac_ros_yolov8/install/local_setup.bash'
[8.940s] INFO:colcon.colcon_core.shell:Creating prefix chain script '/workspaces/isaac_ros-dev/src/isaac_ros_object_detection/isaac_ros_yolov8/install/setup.bash'
[8.970s] INFO:colcon.colcon_core.shell:Creating prefix script '/workspaces/isaac_ros-dev/src/isaac_ros_object_detection/isaac_ros_yolov8/install/local_setup.zsh'
[8.971s] INFO:colcon.colcon_core.shell:Creating prefix chain script '/workspaces/isaac_ros-dev/src/isaac_ros_object_detection/isaac_ros_yolov8/install/setup.zsh'
