[5.523s] DEBUG:colcon:Command line arguments: ['/usr/bin/colcon', 'build']
[5.524s] DEBUG:colcon:Parsed command line arguments: Namespace(allow_overriding=[], ament_cmake_args=None, base_paths=['.'], build_base='build', catkin_cmake_args=None, catkin_skip_building_tests=False, cmake_args=None, cmake_clean_cache=False, cmake_clean_first=False, cmake_force_configure=False, cmake_target=None, cmake_target_skip_unavailable=False, continue_on_error=False, event_handlers=None, executor='parallel', ignore_user_meta=False, install_base='install', log_base=None, log_level=None, main=<bound method BuildVerb.main of <colcon_core.verb.build.BuildVerb object at 0xffffa56cb880>>, merge_install=False, metas=['./colcon.meta'], packages_above=None, packages_above_and_dependencies=None, packages_above_depth=None, packages_end=None, packages_ignore=None, packages_ignore_regex=None, packages_select=None, packages_select_build_failed=False, packages_select_by_dep=None, packages_select_regex=None, packages_select_test_failures=False, packages_skip=None, packages_skip_build_finished=False, packages_skip_by_dep=None, packages_skip_regex=None, packages_skip_test_passed=False, packages_skip_up_to=None, packages_start=None, packages_up_to=None, packages_up_to_regex=None, parallel_workers=6, paths=None, symlink_install=False, test_result_base=None, verb_extension=<colcon_core.verb.build.BuildVerb object at 0xffffa56cb880>, verb_name='build', verb_parser=<colcon_defaults.argument_parser.defaults.DefaultArgumentsDecorator object at 0xffffa56cdd90>)
[5.787s] Level 1:colcon.colcon_core.package_discovery:discover_packages(colcon_meta) check parameters
[5.788s] Level 1:colcon.colcon_core.package_discovery:discover_packages(recursive) check parameters
[5.788s] Level 1:colcon.colcon_core.package_discovery:discover_packages(ignore) check parameters
[5.788s] Level 1:colcon.colcon_core.package_discovery:discover_packages(path) check parameters
[5.788s] Level 1:colcon.colcon_core.package_discovery:discover_packages(colcon_meta) discover
[5.788s] Level 1:colcon.colcon_core.package_discovery:discover_packages(recursive) discover
[5.788s] INFO:colcon.colcon_core.package_discovery:Crawling recursively for packages in '/workspaces/isaac_ros-dev/isaac_ros_yolov8'
[5.788s] Level 1:colcon.colcon_core.package_identification:_identify(.) by extensions ['ignore', 'ignore_ament_install']
[5.789s] Level 1:colcon.colcon_core.package_identification:_identify(.) by extension 'ignore'
[5.789s] Level 1:colcon.colcon_core.package_identification:_identify(.) by extension 'ignore_ament_install'
[5.789s] Level 1:colcon.colcon_core.package_identification:_identify(.) by extensions ['colcon_pkg']
[5.789s] Level 1:colcon.colcon_core.package_identification:_identify(.) by extension 'colcon_pkg'
[5.789s] Level 1:colcon.colcon_core.package_identification:_identify(.) by extensions ['colcon_meta']
[5.789s] Level 1:colcon.colcon_core.package_identification:_identify(.) by extension 'colcon_meta'
[5.789s] Level 1:colcon.colcon_core.package_identification:_identify(.) by extensions ['ros']
[5.789s] Level 1:colcon.colcon_core.package_identification:_identify(.) by extension 'ros'
[5.824s] DEBUG:colcon.colcon_core.package_identification:Package '.' with type 'ros.ament_cmake' and name 'isaac_ros_yolov8'
[5.825s] Level 1:colcon.colcon_core.package_discovery:discover_packages(recursive) using defaults
[5.825s] Level 1:colcon.colcon_core.package_discovery:discover_packages(ignore) discover
[5.825s] Level 1:colcon.colcon_core.package_discovery:discover_packages(ignore) using defaults
[5.825s] Level 1:colcon.colcon_core.package_discovery:discover_packages(path) discover
[5.825s] Level 1:colcon.colcon_core.package_discovery:discover_packages(path) using defaults
[5.989s] Level 1:colcon.colcon_core.package_discovery:discover_packages(prefix_path) check parameters
[5.989s] Level 1:colcon.colcon_core.package_discovery:discover_packages(prefix_path) discover
[6.046s] DEBUG:colcon.colcon_installed_package_information.package_discovery:Found 301 installed packages in /opt/ros/humble
[6.048s] Level 1:colcon.colcon_core.package_discovery:discover_packages(prefix_path) using defaults
[6.263s] Level 5:colcon.colcon_core.verb:set package 'isaac_ros_yolov8' build argument 'cmake_args' from command line to 'None'
[6.263s] Level 5:colcon.colcon_core.verb:set package 'isaac_ros_yolov8' build argument 'cmake_target' from command line to 'None'
[6.264s] Level 5:colcon.colcon_core.verb:set package 'isaac_ros_yolov8' build argument 'cmake_target_skip_unavailable' from command line to 'False'
[6.264s] Level 5:colcon.colcon_core.verb:set package 'isaac_ros_yolov8' build argument 'cmake_clean_cache' from command line to 'False'
[6.264s] Level 5:colcon.colcon_core.verb:set package 'isaac_ros_yolov8' build argument 'cmake_clean_first' from command line to 'False'
[6.264s] Level 5:colcon.colcon_core.verb:set package 'isaac_ros_yolov8' build argument 'cmake_force_configure' from command line to 'False'
[6.264s] Level 5:colcon.colcon_core.verb:set package 'isaac_ros_yolov8' build argument 'ament_cmake_args' from command line to 'None'
[6.264s] Level 5:colcon.colcon_core.verb:set package 'isaac_ros_yolov8' build argument 'catkin_cmake_args' from command line to 'None'
[6.264s] Level 5:colcon.colcon_core.verb:set package 'isaac_ros_yolov8' build argument 'catkin_skip_building_tests' from command line to 'False'
[6.264s] DEBUG:colcon.colcon_core.verb:Building package 'isaac_ros_yolov8' with the following arguments: {'ament_cmake_args': None, 'build_base': '/workspaces/isaac_ros-dev/isaac_ros_yolov8/build/isaac_ros_yolov8', 'catkin_cmake_args': None, 'catkin_skip_building_tests': False, 'cmake_args': None, 'cmake_clean_cache': False, 'cmake_clean_first': False, 'cmake_force_configure': False, 'cmake_target': None, 'cmake_target_skip_unavailable': False, 'install_base': '/workspaces/isaac_ros-dev/isaac_ros_yolov8/install/isaac_ros_yolov8', 'merge_install': False, 'path': '/workspaces/isaac_ros-dev/isaac_ros_yolov8', 'symlink_install': False, 'test_result_base': None}
[6.289s] INFO:colcon.colcon_core.executor:Executing jobs using 'parallel' executor
[6.317s] DEBUG:colcon.colcon_parallel_executor.executor.parallel:run_until_complete
[6.317s] INFO:colcon.colcon_ros.task.ament_cmake.build:Building ROS package in '/workspaces/isaac_ros-dev/isaac_ros_yolov8' with build type 'ament_cmake'
[6.318s] INFO:colcon.colcon_cmake.task.cmake.build:Building CMake package in '/workspaces/isaac_ros-dev/isaac_ros_yolov8'
[6.347s] INFO:colcon.colcon_core.plugin_system:Skipping extension 'colcon_core.shell.bat': Not used on non-Windows systems
[6.347s] INFO:colcon.colcon_core.shell:Skip shell extension 'powershell' for command environment: Not usable outside of PowerShell
[6.348s] DEBUG:colcon.colcon_core.shell:Skip shell extension 'dsv' for command environment
[6.423s] DEBUG:colcon.colcon_core.event_handler.log_command:Invoking command in '/workspaces/isaac_ros-dev/isaac_ros_yolov8/build/isaac_ros_yolov8': CMAKE_PREFIX_PATH=/opt/ros/humble /usr/bin/cmake /workspaces/isaac_ros-dev/isaac_ros_yolov8 -DCMAKE_INSTALL_PREFIX=/workspaces/isaac_ros-dev/isaac_ros_yolov8/install/isaac_ros_yolov8
[13.351s] DEBUG:colcon.colcon_core.event_handler.log_command:Invoked command in '/workspaces/isaac_ros-dev/isaac_ros_yolov8/build/isaac_ros_yolov8' returned '0': CMAKE_PREFIX_PATH=/opt/ros/humble /usr/bin/cmake /workspaces/isaac_ros-dev/isaac_ros_yolov8 -DCMAKE_INSTALL_PREFIX=/workspaces/isaac_ros-dev/isaac_ros_yolov8/install/isaac_ros_yolov8
[13.360s] DEBUG:colcon.colcon_core.event_handler.log_command:Invoking command in '/workspaces/isaac_ros-dev/isaac_ros_yolov8/build/isaac_ros_yolov8': CMAKE_PREFIX_PATH=/opt/ros/humble /usr/bin/cmake --build /workspaces/isaac_ros-dev/isaac_ros_yolov8/build/isaac_ros_yolov8 -- -j6 -l6
[70.357s] DEBUG:colcon.colcon_core.event_handler.log_command:Invoked command in '/workspaces/isaac_ros-dev/isaac_ros_yolov8/build/isaac_ros_yolov8' returned '0': CMAKE_PREFIX_PATH=/opt/ros/humble /usr/bin/cmake --build /workspaces/isaac_ros-dev/isaac_ros_yolov8/build/isaac_ros_yolov8 -- -j6 -l6
[70.438s] DEBUG:colcon.colcon_core.event_handler.log_command:Invoking command in '/workspaces/isaac_ros-dev/isaac_ros_yolov8/build/isaac_ros_yolov8': CMAKE_PREFIX_PATH=/opt/ros/humble /usr/bin/cmake --install /workspaces/isaac_ros-dev/isaac_ros_yolov8/build/isaac_ros_yolov8
[70.548s] Level 1:colcon.colcon_core.environment:create_environment_scripts_only(isaac_ros_yolov8)
[70.550s] DEBUG:colcon.colcon_core.event_handler.log_command:Invoked command in '/workspaces/isaac_ros-dev/isaac_ros_yolov8/build/isaac_ros_yolov8' returned '0': CMAKE_PREFIX_PATH=/opt/ros/humble /usr/bin/cmake --install /workspaces/isaac_ros-dev/isaac_ros_yolov8/build/isaac_ros_yolov8
[70.601s] Level 1:colcon.colcon_core.environment:checking '/workspaces/isaac_ros-dev/isaac_ros_yolov8/install/isaac_ros_yolov8' for CMake module files
[70.603s] Level 1:colcon.colcon_core.environment:checking '/workspaces/isaac_ros-dev/isaac_ros_yolov8/install/isaac_ros_yolov8' for CMake config files
[70.604s] Level 1:colcon.colcon_core.shell:create_environment_hook('isaac_ros_yolov8', 'cmake_prefix_path')
[70.631s] INFO:colcon.colcon_core.shell:Creating environment hook '/workspaces/isaac_ros-dev/isaac_ros_yolov8/install/isaac_ros_yolov8/share/isaac_ros_yolov8/hook/cmake_prefix_path.ps1'
[70.632s] INFO:colcon.colcon_core.shell:Creating environment descriptor '/workspaces/isaac_ros-dev/isaac_ros_yolov8/install/isaac_ros_yolov8/share/isaac_ros_yolov8/hook/cmake_prefix_path.dsv'
[70.633s] INFO:colcon.colcon_core.shell:Creating environment hook '/workspaces/isaac_ros-dev/isaac_ros_yolov8/install/isaac_ros_yolov8/share/isaac_ros_yolov8/hook/cmake_prefix_path.sh'
[70.635s] Level 1:colcon.colcon_core.environment:checking '/workspaces/isaac_ros-dev/isaac_ros_yolov8/install/isaac_ros_yolov8/lib'
[70.635s] Level 1:colcon.colcon_core.shell:create_environment_hook('isaac_ros_yolov8', 'ld_library_path_lib')
[70.661s] INFO:colcon.colcon_core.shell:Creating environment hook '/workspaces/isaac_ros-dev/isaac_ros_yolov8/install/isaac_ros_yolov8/share/isaac_ros_yolov8/hook/ld_library_path_lib.ps1'
[70.662s] INFO:colcon.colcon_core.shell:Creating environment descriptor '/workspaces/isaac_ros-dev/isaac_ros_yolov8/install/isaac_ros_yolov8/share/isaac_ros_yolov8/hook/ld_library_path_lib.dsv'
[70.663s] INFO:colcon.colcon_core.shell:Creating environment hook '/workspaces/isaac_ros-dev/isaac_ros_yolov8/install/isaac_ros_yolov8/share/isaac_ros_yolov8/hook/ld_library_path_lib.sh'
[70.663s] Level 1:colcon.colcon_core.environment:checking '/workspaces/isaac_ros-dev/isaac_ros_yolov8/install/isaac_ros_yolov8/bin'
[70.663s] Level 1:colcon.colcon_core.environment:checking '/workspaces/isaac_ros-dev/isaac_ros_yolov8/install/isaac_ros_yolov8/lib/pkgconfig/isaac_ros_yolov8.pc'
[70.664s] Level 1:colcon.colcon_core.environment:checking '/workspaces/isaac_ros-dev/isaac_ros_yolov8/install/isaac_ros_yolov8/lib/python3.8/site-packages'
[70.664s] Level 1:colcon.colcon_core.shell:create_environment_hook('isaac_ros_yolov8', 'pythonpath')
[70.690s] INFO:colcon.colcon_core.shell:Creating environment hook '/workspaces/isaac_ros-dev/isaac_ros_yolov8/install/isaac_ros_yolov8/share/isaac_ros_yolov8/hook/pythonpath.ps1'
[70.690s] INFO:colcon.colcon_core.shell:Creating environment descriptor '/workspaces/isaac_ros-dev/isaac_ros_yolov8/install/isaac_ros_yolov8/share/isaac_ros_yolov8/hook/pythonpath.dsv'
[70.691s] INFO:colcon.colcon_core.shell:Creating environment hook '/workspaces/isaac_ros-dev/isaac_ros_yolov8/install/isaac_ros_yolov8/share/isaac_ros_yolov8/hook/pythonpath.sh'
[70.692s] Level 1:colcon.colcon_core.environment:checking '/workspaces/isaac_ros-dev/isaac_ros_yolov8/install/isaac_ros_yolov8/bin'
[70.718s] INFO:colcon.colcon_core.shell:Creating package script '/workspaces/isaac_ros-dev/isaac_ros_yolov8/install/isaac_ros_yolov8/share/isaac_ros_yolov8/package.ps1'
[70.719s] INFO:colcon.colcon_core.shell:Creating package descriptor '/workspaces/isaac_ros-dev/isaac_ros_yolov8/install/isaac_ros_yolov8/share/isaac_ros_yolov8/package.dsv'
[70.721s] INFO:colcon.colcon_core.shell:Creating package script '/workspaces/isaac_ros-dev/isaac_ros_yolov8/install/isaac_ros_yolov8/share/isaac_ros_yolov8/package.sh'
[70.722s] INFO:colcon.colcon_core.shell:Creating package script '/workspaces/isaac_ros-dev/isaac_ros_yolov8/install/isaac_ros_yolov8/share/isaac_ros_yolov8/package.bash'
[70.724s] INFO:colcon.colcon_core.shell:Creating package script '/workspaces/isaac_ros-dev/isaac_ros_yolov8/install/isaac_ros_yolov8/share/isaac_ros_yolov8/package.zsh'
[70.725s] Level 1:colcon.colcon_core.environment:create_file_with_runtime_dependencies(/workspaces/isaac_ros-dev/isaac_ros_yolov8/install/isaac_ros_yolov8/share/colcon-core/packages/isaac_ros_yolov8)
[70.813s] Level 1:colcon.colcon_core.environment:create_environment_scripts_only(isaac_ros_yolov8)
[70.839s] Level 1:colcon.colcon_core.environment:checking '/workspaces/isaac_ros-dev/isaac_ros_yolov8/install/isaac_ros_yolov8' for CMake module files
[70.841s] Level 1:colcon.colcon_core.environment:checking '/workspaces/isaac_ros-dev/isaac_ros_yolov8/install/isaac_ros_yolov8' for CMake config files
[70.842s] Level 1:colcon.colcon_core.shell:create_environment_hook('isaac_ros_yolov8', 'cmake_prefix_path')
[70.867s] INFO:colcon.colcon_core.shell:Creating environment hook '/workspaces/isaac_ros-dev/isaac_ros_yolov8/install/isaac_ros_yolov8/share/isaac_ros_yolov8/hook/cmake_prefix_path.ps1'
[70.868s] INFO:colcon.colcon_core.shell:Creating environment descriptor '/workspaces/isaac_ros-dev/isaac_ros_yolov8/install/isaac_ros_yolov8/share/isaac_ros_yolov8/hook/cmake_prefix_path.dsv'
[70.869s] INFO:colcon.colcon_core.shell:Creating environment hook '/workspaces/isaac_ros-dev/isaac_ros_yolov8/install/isaac_ros_yolov8/share/isaac_ros_yolov8/hook/cmake_prefix_path.sh'
[70.870s] Level 1:colcon.colcon_core.environment:checking '/workspaces/isaac_ros-dev/isaac_ros_yolov8/install/isaac_ros_yolov8/lib'
[70.871s] Level 1:colcon.colcon_core.shell:create_environment_hook('isaac_ros_yolov8', 'ld_library_path_lib')
[70.896s] INFO:colcon.colcon_core.shell:Creating environment hook '/workspaces/isaac_ros-dev/isaac_ros_yolov8/install/isaac_ros_yolov8/share/isaac_ros_yolov8/hook/ld_library_path_lib.ps1'
[70.897s] INFO:colcon.colcon_core.shell:Creating environment descriptor '/workspaces/isaac_ros-dev/isaac_ros_yolov8/install/isaac_ros_yolov8/share/isaac_ros_yolov8/hook/ld_library_path_lib.dsv'
[70.898s] INFO:colcon.colcon_core.shell:Creating environment hook '/workspaces/isaac_ros-dev/isaac_ros_yolov8/install/isaac_ros_yolov8/share/isaac_ros_yolov8/hook/ld_library_path_lib.sh'
[70.899s] Level 1:colcon.colcon_core.environment:checking '/workspaces/isaac_ros-dev/isaac_ros_yolov8/install/isaac_ros_yolov8/bin'
[70.899s] Level 1:colcon.colcon_core.environment:checking '/workspaces/isaac_ros-dev/isaac_ros_yolov8/install/isaac_ros_yolov8/lib/pkgconfig/isaac_ros_yolov8.pc'
[70.899s] Level 1:colcon.colcon_core.environment:checking '/workspaces/isaac_ros-dev/isaac_ros_yolov8/install/isaac_ros_yolov8/lib/python3.8/site-packages'
[70.899s] Level 1:colcon.colcon_core.shell:create_environment_hook('isaac_ros_yolov8', 'pythonpath')
[70.926s] INFO:colcon.colcon_core.shell:Creating environment hook '/workspaces/isaac_ros-dev/isaac_ros_yolov8/install/isaac_ros_yolov8/share/isaac_ros_yolov8/hook/pythonpath.ps1'
[70.927s] INFO:colcon.colcon_core.shell:Creating environment descriptor '/workspaces/isaac_ros-dev/isaac_ros_yolov8/install/isaac_ros_yolov8/share/isaac_ros_yolov8/hook/pythonpath.dsv'
[70.927s] INFO:colcon.colcon_core.shell:Creating environment hook '/workspaces/isaac_ros-dev/isaac_ros_yolov8/install/isaac_ros_yolov8/share/isaac_ros_yolov8/hook/pythonpath.sh'
[70.928s] Level 1:colcon.colcon_core.environment:checking '/workspaces/isaac_ros-dev/isaac_ros_yolov8/install/isaac_ros_yolov8/bin'
[70.954s] INFO:colcon.colcon_core.shell:Creating package script '/workspaces/isaac_ros-dev/isaac_ros_yolov8/install/isaac_ros_yolov8/share/isaac_ros_yolov8/package.ps1'
[70.956s] INFO:colcon.colcon_core.shell:Creating package descriptor '/workspaces/isaac_ros-dev/isaac_ros_yolov8/install/isaac_ros_yolov8/share/isaac_ros_yolov8/package.dsv'
[70.957s] INFO:colcon.colcon_core.shell:Creating package script '/workspaces/isaac_ros-dev/isaac_ros_yolov8/install/isaac_ros_yolov8/share/isaac_ros_yolov8/package.sh'
[70.958s] INFO:colcon.colcon_core.shell:Creating package script '/workspaces/isaac_ros-dev/isaac_ros_yolov8/install/isaac_ros_yolov8/share/isaac_ros_yolov8/package.bash'
[70.958s] INFO:colcon.colcon_core.shell:Creating package script '/workspaces/isaac_ros-dev/isaac_ros_yolov8/install/isaac_ros_yolov8/share/isaac_ros_yolov8/package.zsh'
[70.959s] Level 1:colcon.colcon_core.environment:create_file_with_runtime_dependencies(/workspaces/isaac_ros-dev/isaac_ros_yolov8/install/isaac_ros_yolov8/share/colcon-core/packages/isaac_ros_yolov8)
[70.960s] DEBUG:colcon.colcon_parallel_executor.executor.parallel:closing loop
[70.960s] DEBUG:colcon.colcon_parallel_executor.executor.parallel:loop closed
[70.961s] DEBUG:colcon.colcon_parallel_executor.executor.parallel:run_until_complete finished with '0'
[70.961s] DEBUG:colcon.colcon_core.event_reactor:joining thread
[70.997s] INFO:colcon.colcon_core.plugin_system:Skipping extension 'colcon_notification.desktop_notification.notify_send': Could not find 'notify-send'
[70.997s] INFO:colcon.colcon_core.plugin_system:Skipping extension 'colcon_notification.desktop_notification.terminal_notifier': Not used on non-Darwin systems
[70.998s] INFO:colcon.colcon_core.plugin_system:Skipping extension 'colcon_notification.desktop_notification.win32': Not used on non-Windows systems
[70.998s] INFO:colcon.colcon_notification.desktop_notification:Sending desktop notification using 'notify2'
[71.683s] DEBUG:colcon.colcon_notification.desktop_notification.notify2:Failed to initialize notify2: org.freedesktop.DBus.Error.ServiceUnknown: The name org.freedesktop.Notifications was not provided by any .service files
[71.683s] DEBUG:colcon.colcon_core.event_reactor:joined thread
[71.712s] INFO:colcon.colcon_core.shell:Creating prefix script '/workspaces/isaac_ros-dev/isaac_ros_yolov8/install/local_setup.ps1'
[71.714s] INFO:colcon.colcon_core.shell:Creating prefix util module '/workspaces/isaac_ros-dev/isaac_ros_yolov8/install/_local_setup_util_ps1.py'
[71.716s] INFO:colcon.colcon_core.shell:Creating prefix chain script '/workspaces/isaac_ros-dev/isaac_ros_yolov8/install/setup.ps1'
[71.744s] INFO:colcon.colcon_core.shell:Creating prefix script '/workspaces/isaac_ros-dev/isaac_ros_yolov8/install/local_setup.sh'
[71.745s] INFO:colcon.colcon_core.shell:Creating prefix util module '/workspaces/isaac_ros-dev/isaac_ros_yolov8/install/_local_setup_util_sh.py'
[71.746s] INFO:colcon.colcon_core.shell:Creating prefix chain script '/workspaces/isaac_ros-dev/isaac_ros_yolov8/install/setup.sh'
[71.773s] INFO:colcon.colcon_core.shell:Creating prefix script '/workspaces/isaac_ros-dev/isaac_ros_yolov8/install/local_setup.bash'
[71.774s] INFO:colcon.colcon_core.shell:Creating prefix chain script '/workspaces/isaac_ros-dev/isaac_ros_yolov8/install/setup.bash'
[71.800s] INFO:colcon.colcon_core.shell:Creating prefix script '/workspaces/isaac_ros-dev/isaac_ros_yolov8/install/local_setup.zsh'
[71.801s] INFO:colcon.colcon_core.shell:Creating prefix chain script '/workspaces/isaac_ros-dev/isaac_ros_yolov8/install/setup.zsh'
