[0.506s] Invoking command in '/workspaces/isaac_ros-dev/src/isaac_ros_object_detection/isaac_ros_yolov8/build/isaac_ros_yolov8': CMAKE_PREFIX_PATH=${CMAKE_PREFIX_PATH}:/workspaces/isaac_ros-dev/src/install/isaac_ros_test:/opt/ros/humble /usr/bin/cmake --build /workspaces/isaac_ros-dev/src/isaac_ros_object_detection/isaac_ros_yolov8/build/isaac_ros_yolov8 -- -j6 -l6
[0.728s] -- Found ament_cmake_auto: 1.3.6 (/opt/ros/humble/share/ament_cmake_auto/cmake)
[1.656s] -- Found rclcpp: 16.0.7 (/opt/ros/humble/share/rclcpp/cmake)
[1.901s] -- Found rosidl_generator_c: 3.1.5 (/opt/ros/humble/share/rosidl_generator_c/cmake)
[1.908s] -- Found rosidl_adapter: 3.1.5 (/opt/ros/humble/share/rosidl_adapter/cmake)
[1.927s] -- Found rosidl_generator_cpp: 3.1.5 (/opt/ros/humble/share/rosidl_generator_cpp/cmake)
[1.959s] -- Using all available rosidl_typesupport_c: rosidl_typesupport_fastrtps_c;rosidl_typesupport_introspection_c
[2.000s] -- Using all available rosidl_typesupport_cpp: rosidl_typesupport_fastrtps_cpp;rosidl_typesupport_introspection_cpp
[2.282s] -- Found rmw_implementation_cmake: 6.1.1 (/opt/ros/humble/share/rmw_implementation_cmake/cmake)
[2.287s] -- Found rmw_fastrtps_cpp: 6.2.5 (/opt/ros/humble/share/rmw_fastrtps_cpp/cmake)
[3.213s] -- Using RMW implementation 'rmw_fastrtps_cpp' as default
[4.338s] -- Found sensor_msgs: 4.2.3 (/opt/ros/humble/share/sensor_msgs/cmake)
[4.857s] -- Found vision_msgs: 4.1.0 (/opt/ros/humble/share/vision_msgs/cmake)
[5.132s] -- Found cv_bridge: 3.2.1 (/opt/ros/humble/share/cv_bridge/cmake)
[5.582s] -- Loading isaac_ros_common extras
[5.582s] -- CMAKE_BUILD_TYPE: Release
[5.763s] -- Loading isaac_ros_common extras (modules)
[6.205s] -- Found eigen3_cmake_module: 0.1.1 (/opt/ros/humble/share/eigen3_cmake_module/cmake)
[6.208s] -- Ensuring Eigen3 include directory is part of orocos-kdl CMake target
[8.422s] -- Loading isaac_ros_gxf extras
[9.750s] -- Found ament_lint_auto: 0.12.9 (/opt/ros/humble/share/ament_lint_auto/cmake)
[9.953s] -- Found launch_testing_ament_cmake: 1.0.4 (/opt/ros/humble/share/launch_testing_ament_cmake/cmake)
[9.955s] -- Found python_cmake_module: 0.10.0 (/opt/ros/humble/share/python_cmake_module/cmake)
[10.180s] -- Using PYTHON_EXECUTABLE: /usr/bin/python3
[10.180s] -- Using PYTHON_INCLUDE_DIRS: /usr/include/python3.8
[10.180s] -- Using PYTHON_LIBRARIES: /usr/lib/aarch64-linux-gnu/libpython3.8.so
[10.204s] -- Added test 'copyright' to check source files copyright and LICENSE
[10.250s] -- Added test 'cppcheck' to perform static code analysis on C / C++ code
[10.250s] -- Configured cppcheck include dirs: /workspaces/isaac_ros-dev/src/isaac_ros_object_detection/isaac_ros_yolov8/include
[10.251s] -- Configured cppcheck exclude dirs and/or files: 
[10.424s] -- Added test 'cpplint' to check C / C++ code against the Google style
[10.424s] -- Configured cpplint exclude dirs and/or files: 
[10.565s] -- Added test 'flake8' to check Python code syntax and style conventions
[10.575s] -- Added test 'lint_cmake' to check CMake code style
[10.580s] -- Added test 'pep257' to check Python code against some of the docstring style conventions in PEP 257
[10.613s] -- Added test 'uncrustify' to check C / C++ code style
[10.614s] -- Configured uncrustify additional arguments: 
[10.755s] -- Added test 'xmllint' to check XML markup files
[10.766s] -- Configuring done
[11.151s] -- Generating done
[11.158s] -- Build files have been written to: /workspaces/isaac_ros-dev/src/isaac_ros_object_detection/isaac_ros_yolov8/build/isaac_ros_yolov8
[11.350s] [35m[1mConsolidate compiler generated dependencies of target yolov8_decoder_node[0m
[11.400s] [100%] Built target yolov8_decoder_node
[11.517s] [100%] Built target ament_cmake_python_copy_isaac_ros_yolov8
[12.632s] running egg_info
[12.665s] writing isaac_ros_yolov8.egg-info/PKG-INFO
[12.666s] writing dependency_links to isaac_ros_yolov8.egg-info/dependency_links.txt
[12.666s] writing top-level names to isaac_ros_yolov8.egg-info/top_level.txt
[12.759s] reading manifest file 'isaac_ros_yolov8.egg-info/SOURCES.txt'
[12.805s] writing manifest file 'isaac_ros_yolov8.egg-info/SOURCES.txt'
[12.965s] [100%] Built target ament_cmake_python_build_isaac_ros_yolov8_egg
[12.987s] Invoked command in '/workspaces/isaac_ros-dev/src/isaac_ros_object_detection/isaac_ros_yolov8/build/isaac_ros_yolov8' returned '0': CMAKE_PREFIX_PATH=${CMAKE_PREFIX_PATH}:/workspaces/isaac_ros-dev/src/install/isaac_ros_test:/opt/ros/humble /usr/bin/cmake --build /workspaces/isaac_ros-dev/src/isaac_ros_object_detection/isaac_ros_yolov8/build/isaac_ros_yolov8 -- -j6 -l6
[13.112s] Invoking command in '/workspaces/isaac_ros-dev/src/isaac_ros_object_detection/isaac_ros_yolov8/build/isaac_ros_yolov8': CMAKE_PREFIX_PATH=${CMAKE_PREFIX_PATH}:/workspaces/isaac_ros-dev/src/install/isaac_ros_test:/opt/ros/humble /usr/bin/cmake --install /workspaces/isaac_ros-dev/src/isaac_ros_object_detection/isaac_ros_yolov8/build/isaac_ros_yolov8
[13.130s] -- Install configuration: "Release"
[13.130s] -- Up-to-date: /workspaces/isaac_ros-dev/src/isaac_ros_object_detection/isaac_ros_yolov8/install/isaac_ros_yolov8/share/isaac_ros_yolov8/environment/pythonpath.sh
[13.131s] -- Installing: /workspaces/isaac_ros-dev/src/isaac_ros_object_detection/isaac_ros_yolov8/install/isaac_ros_yolov8/share/isaac_ros_yolov8/environment/pythonpath.dsv
[13.131s] -- Up-to-date: /workspaces/isaac_ros-dev/src/isaac_ros_object_detection/isaac_ros_yolov8/install/isaac_ros_yolov8/lib/python3.8/site-packages/isaac_ros_yolov8-2.1.0-py3.8.egg-info
[13.131s] -- Installing: /workspaces/isaac_ros-dev/src/isaac_ros_object_detection/isaac_ros_yolov8/install/isaac_ros_yolov8/lib/python3.8/site-packages/isaac_ros_yolov8-2.1.0-py3.8.egg-info/dependency_links.txt
[13.131s] -- Installing: /workspaces/isaac_ros-dev/src/isaac_ros_object_detection/isaac_ros_yolov8/install/isaac_ros_yolov8/lib/python3.8/site-packages/isaac_ros_yolov8-2.1.0-py3.8.egg-info/top_level.txt
[13.131s] -- Installing: /workspaces/isaac_ros-dev/src/isaac_ros_object_detection/isaac_ros_yolov8/install/isaac_ros_yolov8/lib/python3.8/site-packages/isaac_ros_yolov8-2.1.0-py3.8.egg-info/PKG-INFO
[13.132s] -- Installing: /workspaces/isaac_ros-dev/src/isaac_ros_object_detection/isaac_ros_yolov8/install/isaac_ros_yolov8/lib/python3.8/site-packages/isaac_ros_yolov8-2.1.0-py3.8.egg-info/SOURCES.txt
[13.132s] -- Up-to-date: /workspaces/isaac_ros-dev/src/isaac_ros_object_detection/isaac_ros_yolov8/install/isaac_ros_yolov8/lib/python3.8/site-packages/isaac_ros_yolov8
[13.132s] -- Up-to-date: /workspaces/isaac_ros-dev/src/isaac_ros_object_detection/isaac_ros_yolov8/install/isaac_ros_yolov8/lib/python3.8/site-packages/isaac_ros_yolov8/__init__.py
[13.488s] Listing '/workspaces/isaac_ros-dev/src/isaac_ros_object_detection/isaac_ros_yolov8/install/isaac_ros_yolov8/lib/python3.8/site-packages/isaac_ros_yolov8'...
[13.500s] -- Installing: /workspaces/isaac_ros-dev/src/isaac_ros_object_detection/isaac_ros_yolov8/install/isaac_ros_yolov8/lib/isaac_ros_yolov8/isaac_ros_yolov8_visualizer.py
[13.501s] -- Installing: /workspaces/isaac_ros-dev/src/isaac_ros_object_detection/isaac_ros_yolov8/install/isaac_ros_yolov8/lib/isaac_ros_yolov8/image_publisher.py
[13.502s] -- Up-to-date: /workspaces/isaac_ros-dev/src/isaac_ros_object_detection/isaac_ros_yolov8/install/isaac_ros_yolov8/include
[13.502s] -- Up-to-date: /workspaces/isaac_ros-dev/src/isaac_ros_object_detection/isaac_ros_yolov8/install/isaac_ros_yolov8/include/isaac_ros_yolov8
[13.502s] -- Up-to-date: /workspaces/isaac_ros-dev/src/isaac_ros_object_detection/isaac_ros_yolov8/install/isaac_ros_yolov8/include/isaac_ros_yolov8/yolov8_decoder_node.hpp
[13.502s] -- Up-to-date: /workspaces/isaac_ros-dev/src/isaac_ros_object_detection/isaac_ros_yolov8/install/isaac_ros_yolov8/share/isaac_ros_yolov8/environment/library_path.sh
[13.503s] -- Installing: /workspaces/isaac_ros-dev/src/isaac_ros_object_detection/isaac_ros_yolov8/install/isaac_ros_yolov8/share/isaac_ros_yolov8/environment/library_path.dsv
[13.642s] -- Up-to-date: /workspaces/isaac_ros-dev/src/isaac_ros_object_detection/isaac_ros_yolov8/install/isaac_ros_yolov8/lib/libyolov8_decoder_node.so
[13.642s] -- Up-to-date: /workspaces/isaac_ros-dev/src/isaac_ros_object_detection/isaac_ros_yolov8/install/isaac_ros_yolov8/share/isaac_ros_yolov8/launch
[13.642s] -- Installing: /workspaces/isaac_ros-dev/src/isaac_ros_object_detection/isaac_ros_yolov8/install/isaac_ros_yolov8/share/isaac_ros_yolov8/launch/isaac_ros_yolov8_visualize.launch.py
[13.643s] -- Up-to-date: /workspaces/isaac_ros-dev/src/isaac_ros_object_detection/isaac_ros_yolov8/install/isaac_ros_yolov8/share/isaac_ros_yolov8/launch/yolov8_tensor_rt.launch.py
[13.643s] -- Up-to-date: /workspaces/isaac_ros-dev/src/isaac_ros_object_detection/isaac_ros_yolov8/install/isaac_ros_yolov8/share/isaac_ros_yolov8/scripts
[13.643s] -- Installing: /workspaces/isaac_ros-dev/src/isaac_ros_object_detection/isaac_ros_yolov8/install/isaac_ros_yolov8/share/isaac_ros_yolov8/scripts/image_publisher.py
[13.643s] -- Installing: /workspaces/isaac_ros-dev/src/isaac_ros_object_detection/isaac_ros_yolov8/install/isaac_ros_yolov8/share/isaac_ros_yolov8/scripts/isaac_ros_yolov8_visualizer.py
[13.644s] -- Up-to-date: /workspaces/isaac_ros-dev/src/isaac_ros_object_detection/isaac_ros_yolov8/install/isaac_ros_yolov8/share/ament_index/resource_index/package_run_dependencies/isaac_ros_yolov8
[13.644s] -- Installing: /workspaces/isaac_ros-dev/src/isaac_ros_object_detection/isaac_ros_yolov8/install/isaac_ros_yolov8/share/ament_index/resource_index/parent_prefix_path/isaac_ros_yolov8
[13.644s] -- Up-to-date: /workspaces/isaac_ros-dev/src/isaac_ros_object_detection/isaac_ros_yolov8/install/isaac_ros_yolov8/share/isaac_ros_yolov8/environment/ament_prefix_path.sh
[13.644s] -- Installing: /workspaces/isaac_ros-dev/src/isaac_ros_object_detection/isaac_ros_yolov8/install/isaac_ros_yolov8/share/isaac_ros_yolov8/environment/ament_prefix_path.dsv
[13.645s] -- Up-to-date: /workspaces/isaac_ros-dev/src/isaac_ros_object_detection/isaac_ros_yolov8/install/isaac_ros_yolov8/share/isaac_ros_yolov8/environment/path.sh
[13.645s] -- Installing: /workspaces/isaac_ros-dev/src/isaac_ros_object_detection/isaac_ros_yolov8/install/isaac_ros_yolov8/share/isaac_ros_yolov8/environment/path.dsv
[13.645s] -- Up-to-date: /workspaces/isaac_ros-dev/src/isaac_ros_object_detection/isaac_ros_yolov8/install/isaac_ros_yolov8/share/isaac_ros_yolov8/local_setup.bash
[13.645s] -- Up-to-date: /workspaces/isaac_ros-dev/src/isaac_ros_object_detection/isaac_ros_yolov8/install/isaac_ros_yolov8/share/isaac_ros_yolov8/local_setup.sh
[13.646s] -- Up-to-date: /workspaces/isaac_ros-dev/src/isaac_ros_object_detection/isaac_ros_yolov8/install/isaac_ros_yolov8/share/isaac_ros_yolov8/local_setup.zsh
[13.646s] -- Installing: /workspaces/isaac_ros-dev/src/isaac_ros_object_detection/isaac_ros_yolov8/install/isaac_ros_yolov8/share/isaac_ros_yolov8/local_setup.dsv
[13.646s] -- Installing: /workspaces/isaac_ros-dev/src/isaac_ros_object_detection/isaac_ros_yolov8/install/isaac_ros_yolov8/share/isaac_ros_yolov8/package.dsv
[13.646s] -- Up-to-date: /workspaces/isaac_ros-dev/src/isaac_ros_object_detection/isaac_ros_yolov8/install/isaac_ros_yolov8/share/ament_index/resource_index/packages/isaac_ros_yolov8
[13.647s] -- Up-to-date: /workspaces/isaac_ros-dev/src/isaac_ros_object_detection/isaac_ros_yolov8/install/isaac_ros_yolov8/share/ament_index/resource_index/rclcpp_components/isaac_ros_yolov8
[13.647s] -- Up-to-date: /workspaces/isaac_ros-dev/src/isaac_ros_object_detection/isaac_ros_yolov8/install/isaac_ros_yolov8/share/isaac_ros_yolov8/cmake/ament_cmake_export_dependencies-extras.cmake
[13.647s] -- Up-to-date: /workspaces/isaac_ros-dev/src/isaac_ros_object_detection/isaac_ros_yolov8/install/isaac_ros_yolov8/share/isaac_ros_yolov8/cmake/ament_cmake_export_include_directories-extras.cmake
[13.647s] -- Up-to-date: /workspaces/isaac_ros-dev/src/isaac_ros_object_detection/isaac_ros_yolov8/install/isaac_ros_yolov8/share/isaac_ros_yolov8/cmake/ament_cmake_export_libraries-extras.cmake
[13.647s] -- Up-to-date: /workspaces/isaac_ros-dev/src/isaac_ros_object_detection/isaac_ros_yolov8/install/isaac_ros_yolov8/share/isaac_ros_yolov8/cmake/isaac_ros_yolov8Config.cmake
[13.648s] -- Up-to-date: /workspaces/isaac_ros-dev/src/isaac_ros_object_detection/isaac_ros_yolov8/install/isaac_ros_yolov8/share/isaac_ros_yolov8/cmake/isaac_ros_yolov8Config-version.cmake
[13.648s] -- Up-to-date: /workspaces/isaac_ros-dev/src/isaac_ros_object_detection/isaac_ros_yolov8/install/isaac_ros_yolov8/share/isaac_ros_yolov8/package.xml
[13.652s] Invoked command in '/workspaces/isaac_ros-dev/src/isaac_ros_object_detection/isaac_ros_yolov8/build/isaac_ros_yolov8' returned '0': CMAKE_PREFIX_PATH=${CMAKE_PREFIX_PATH}:/workspaces/isaac_ros-dev/src/install/isaac_ros_test:/opt/ros/humble /usr/bin/cmake --install /workspaces/isaac_ros-dev/src/isaac_ros_object_detection/isaac_ros_yolov8/build/isaac_ros_yolov8
