[5.723s] DEBUG:colcon:Command line arguments: ['/usr/bin/colcon', 'build']
[5.723s] DEBUG:colcon:Parsed command line arguments: Namespace(allow_overriding=[], ament_cmake_args=None, base_paths=['.'], build_base='build', catkin_cmake_args=None, catkin_skip_building_tests=False, cmake_args=None, cmake_clean_cache=False, cmake_clean_first=False, cmake_force_configure=False, cmake_target=None, cmake_target_skip_unavailable=False, continue_on_error=False, event_handlers=None, executor='parallel', ignore_user_meta=False, install_base='install', log_base=None, log_level=None, main=<bound method BuildVerb.main of <colcon_core.verb.build.BuildVerb object at 0xffffa93b8f70>>, merge_install=False, metas=['./colcon.meta'], packages_above=None, packages_above_and_dependencies=None, packages_above_depth=None, packages_end=None, packages_ignore=None, packages_ignore_regex=None, packages_select=None, packages_select_build_failed=False, packages_select_by_dep=None, packages_select_regex=None, packages_select_test_failures=False, packages_skip=None, packages_skip_build_finished=False, packages_skip_by_dep=None, packages_skip_regex=None, packages_skip_test_passed=False, packages_skip_up_to=None, packages_start=None, packages_up_to=None, packages_up_to_regex=None, parallel_workers=6, paths=None, symlink_install=False, test_result_base=None, verb_extension=<colcon_core.verb.build.BuildVerb object at 0xffffa93b8f70>, verb_name='build', verb_parser=<colcon_defaults.argument_parser.defaults.DefaultArgumentsDecorator object at 0xffffa8d6d220>)
[5.997s] Level 1:colcon.colcon_core.package_discovery:discover_packages(colcon_meta) check parameters
[5.997s] Level 1:colcon.colcon_core.package_discovery:discover_packages(recursive) check parameters
[5.998s] Level 1:colcon.colcon_core.package_discovery:discover_packages(ignore) check parameters
[5.998s] Level 1:colcon.colcon_core.package_discovery:discover_packages(path) check parameters
[5.998s] Level 1:colcon.colcon_core.package_discovery:discover_packages(colcon_meta) discover
[5.998s] Level 1:colcon.colcon_core.package_discovery:discover_packages(recursive) discover
[5.998s] INFO:colcon.colcon_core.package_discovery:Crawling recursively for packages in '/workspaces/isaac_ros-dev/src/isaac_ros_common/yolov8_realsense/launch'
[5.998s] Level 1:colcon.colcon_core.package_identification:_identify(.) by extensions ['ignore', 'ignore_ament_install']
[5.998s] Level 1:colcon.colcon_core.package_identification:_identify(.) by extension 'ignore'
[5.999s] Level 1:colcon.colcon_core.package_identification:_identify(.) by extension 'ignore_ament_install'
[5.999s] Level 1:colcon.colcon_core.package_identification:_identify(.) by extensions ['colcon_pkg']
[5.999s] Level 1:colcon.colcon_core.package_identification:_identify(.) by extension 'colcon_pkg'
[5.999s] Level 1:colcon.colcon_core.package_identification:_identify(.) by extensions ['colcon_meta']
[5.999s] Level 1:colcon.colcon_core.package_identification:_identify(.) by extension 'colcon_meta'
[5.999s] Level 1:colcon.colcon_core.package_identification:_identify(.) by extensions ['ros']
[5.999s] Level 1:colcon.colcon_core.package_identification:_identify(.) by extension 'ros'
[6.028s] Level 1:colcon.colcon_core.package_identification:_identify(.) by extensions ['cmake', 'python']
[6.028s] Level 1:colcon.colcon_core.package_identification:_identify(.) by extension 'cmake'
[6.028s] Level 1:colcon.colcon_core.package_identification:_identify(.) by extension 'python'
[6.028s] Level 1:colcon.colcon_core.package_identification:_identify(.) by extensions ['python_setup_py']
[6.028s] Level 1:colcon.colcon_core.package_identification:_identify(.) by extension 'python_setup_py'
[6.029s] Level 1:colcon.colcon_core.package_identification:_identify(__pycache__) by extensions ['ignore', 'ignore_ament_install']
[6.029s] Level 1:colcon.colcon_core.package_identification:_identify(__pycache__) by extension 'ignore'
[6.029s] Level 1:colcon.colcon_core.package_identification:_identify(__pycache__) by extension 'ignore_ament_install'
[6.029s] Level 1:colcon.colcon_core.package_identification:_identify(__pycache__) by extensions ['colcon_pkg']
[6.029s] Level 1:colcon.colcon_core.package_identification:_identify(__pycache__) by extension 'colcon_pkg'
[6.029s] Level 1:colcon.colcon_core.package_identification:_identify(__pycache__) by extensions ['colcon_meta']
[6.029s] Level 1:colcon.colcon_core.package_identification:_identify(__pycache__) by extension 'colcon_meta'
[6.030s] Level 1:colcon.colcon_core.package_identification:_identify(__pycache__) by extensions ['ros']
[6.030s] Level 1:colcon.colcon_core.package_identification:_identify(__pycache__) by extension 'ros'
[6.030s] Level 1:colcon.colcon_core.package_identification:_identify(__pycache__) by extensions ['cmake', 'python']
[6.030s] Level 1:colcon.colcon_core.package_identification:_identify(__pycache__) by extension 'cmake'
[6.030s] Level 1:colcon.colcon_core.package_identification:_identify(__pycache__) by extension 'python'
[6.030s] Level 1:colcon.colcon_core.package_identification:_identify(__pycache__) by extensions ['python_setup_py']
[6.030s] Level 1:colcon.colcon_core.package_identification:_identify(__pycache__) by extension 'python_setup_py'
[6.030s] Level 1:colcon.colcon_core.package_identification:_identify(build) by extensions ['ignore', 'ignore_ament_install']
[6.030s] Level 1:colcon.colcon_core.package_identification:_identify(build) by extension 'ignore'
[6.031s] Level 1:colcon.colcon_core.package_identification:_identify(build) ignored
[6.031s] Level 1:colcon.colcon_core.package_identification:_identify(install) by extensions ['ignore', 'ignore_ament_install']
[6.031s] Level 1:colcon.colcon_core.package_identification:_identify(install) by extension 'ignore'
[6.031s] Level 1:colcon.colcon_core.package_identification:_identify(install) ignored
[6.031s] Level 1:colcon.colcon_core.package_identification:_identify(log) by extensions ['ignore', 'ignore_ament_install']
[6.031s] Level 1:colcon.colcon_core.package_identification:_identify(log) by extension 'ignore'
[6.032s] Level 1:colcon.colcon_core.package_identification:_identify(log) ignored
[6.032s] Level 1:colcon.colcon_core.package_discovery:discover_packages(recursive) using defaults
[6.032s] Level 1:colcon.colcon_core.package_discovery:discover_packages(ignore) discover
[6.032s] Level 1:colcon.colcon_core.package_discovery:discover_packages(ignore) using defaults
[6.032s] Level 1:colcon.colcon_core.package_discovery:discover_packages(path) discover
[6.032s] Level 1:colcon.colcon_core.package_discovery:discover_packages(path) using defaults
[6.207s] Level 1:colcon.colcon_core.package_discovery:discover_packages(prefix_path) check parameters
[6.207s] Level 1:colcon.colcon_core.package_discovery:discover_packages(prefix_path) discover
[6.267s] DEBUG:colcon.colcon_installed_package_information.package_discovery:Found 10 installed packages in /workspaces/isaac_ros-dev/src/isaac_ros_common/install
[6.297s] DEBUG:colcon.colcon_installed_package_information.package_discovery:Found 302 installed packages in /opt/ros/humble
[6.300s] Level 1:colcon.colcon_core.package_discovery:discover_packages(prefix_path) using defaults
[6.521s] INFO:colcon.colcon_core.executor:Executing jobs using 'parallel' executor
[6.551s] DEBUG:colcon.colcon_parallel_executor.executor.parallel:run_until_complete
[6.551s] DEBUG:colcon.colcon_parallel_executor.executor.parallel:closing loop
[6.551s] DEBUG:colcon.colcon_parallel_executor.executor.parallel:loop closed
[6.551s] DEBUG:colcon.colcon_parallel_executor.executor.parallel:run_until_complete finished with '0'
[6.552s] DEBUG:colcon.colcon_core.event_reactor:joining thread
[6.589s] INFO:colcon.colcon_core.plugin_system:Skipping extension 'colcon_notification.desktop_notification.notify_send': Could not find 'notify-send'
[6.589s] INFO:colcon.colcon_core.plugin_system:Skipping extension 'colcon_notification.desktop_notification.terminal_notifier': Not used on non-Darwin systems
[6.589s] INFO:colcon.colcon_core.plugin_system:Skipping extension 'colcon_notification.desktop_notification.win32': Not used on non-Windows systems
[6.589s] INFO:colcon.colcon_notification.desktop_notification:Sending desktop notification using 'notify2'
[6.773s] DEBUG:colcon.colcon_notification.desktop_notification.notify2:Failed to initialize notify2: org.freedesktop.DBus.Error.ServiceUnknown: The name org.freedesktop.Notifications was not provided by any .service files
[6.774s] DEBUG:colcon.colcon_core.event_reactor:joined thread
[6.808s] INFO:colcon.colcon_core.plugin_system:Skipping extension 'colcon_core.shell.bat': Not used on non-Windows systems
[6.809s] INFO:colcon.colcon_core.shell:Creating prefix script '/workspaces/isaac_ros-dev/src/isaac_ros_common/yolov8_realsense/launch/install/local_setup.ps1'
[6.811s] INFO:colcon.colcon_core.shell:Creating prefix util module '/workspaces/isaac_ros-dev/src/isaac_ros_common/yolov8_realsense/launch/install/_local_setup_util_ps1.py'
[6.813s] INFO:colcon.colcon_core.shell:Creating prefix chain script '/workspaces/isaac_ros-dev/src/isaac_ros_common/yolov8_realsense/launch/install/setup.ps1'
[6.844s] INFO:colcon.colcon_core.shell:Creating prefix script '/workspaces/isaac_ros-dev/src/isaac_ros_common/yolov8_realsense/launch/install/local_setup.sh'
[6.845s] INFO:colcon.colcon_core.shell:Creating prefix util module '/workspaces/isaac_ros-dev/src/isaac_ros_common/yolov8_realsense/launch/install/_local_setup_util_sh.py'
[6.845s] INFO:colcon.colcon_core.shell:Creating prefix chain script '/workspaces/isaac_ros-dev/src/isaac_ros_common/yolov8_realsense/launch/install/setup.sh'
[6.875s] INFO:colcon.colcon_core.shell:Creating prefix script '/workspaces/isaac_ros-dev/src/isaac_ros_common/yolov8_realsense/launch/install/local_setup.bash'
[6.876s] INFO:colcon.colcon_core.shell:Creating prefix chain script '/workspaces/isaac_ros-dev/src/isaac_ros_common/yolov8_realsense/launch/install/setup.bash'
[6.905s] INFO:colcon.colcon_core.shell:Creating prefix script '/workspaces/isaac_ros-dev/src/isaac_ros_common/yolov8_realsense/launch/install/local_setup.zsh'
[6.906s] INFO:colcon.colcon_core.shell:Creating prefix chain script '/workspaces/isaac_ros-dev/src/isaac_ros_common/yolov8_realsense/launch/install/setup.zsh'
