[0.535s] Invoking command in '/workspaces/isaac_ros-dev/src/isaac_ros_object_detection/isaac_ros_yolov8/build/isaac_ros_yolov8': CMAKE_PREFIX_PATH=/opt/ros/humble /usr/bin/cmake --build /workspaces/isaac_ros-dev/src/isaac_ros_object_detection/isaac_ros_yolov8/build/isaac_ros_yolov8 -- -j6 -l6
[1.065s] [  0%] Built target ament_cmake_python_copy_isaac_ros_yolov8
[1.222s] [100%] Built target yolov8_decoder_node
[2.148s] running egg_info
[2.180s] writing isaac_ros_yolov8.egg-info/PKG-INFO
[2.180s] writing dependency_links to isaac_ros_yolov8.egg-info/dependency_links.txt
[2.181s] writing top-level names to isaac_ros_yolov8.egg-info/top_level.txt
[2.378s] reading manifest file 'isaac_ros_yolov8.egg-info/SOURCES.txt'
[2.519s] writing manifest file 'isaac_ros_yolov8.egg-info/SOURCES.txt'
[2.704s] [100%] Built target ament_cmake_python_build_isaac_ros_yolov8_egg
[2.719s] Invoked command in '/workspaces/isaac_ros-dev/src/isaac_ros_object_detection/isaac_ros_yolov8/build/isaac_ros_yolov8' returned '0': CMAKE_PREFIX_PATH=/opt/ros/humble /usr/bin/cmake --build /workspaces/isaac_ros-dev/src/isaac_ros_object_detection/isaac_ros_yolov8/build/isaac_ros_yolov8 -- -j6 -l6
[2.924s] Invoking command in '/workspaces/isaac_ros-dev/src/isaac_ros_object_detection/isaac_ros_yolov8/build/isaac_ros_yolov8': CMAKE_PREFIX_PATH=/opt/ros/humble /usr/bin/cmake --install /workspaces/isaac_ros-dev/src/isaac_ros_object_detection/isaac_ros_yolov8/build/isaac_ros_yolov8
[2.925s] -- Install configuration: "Release"
[2.925s] -- Up-to-date: /workspaces/isaac_ros-dev/src/isaac_ros_object_detection/isaac_ros_yolov8/install/isaac_ros_yolov8/share/isaac_ros_yolov8/environment/pythonpath.sh
[2.925s] -- Up-to-date: /workspaces/isaac_ros-dev/src/isaac_ros_object_detection/isaac_ros_yolov8/install/isaac_ros_yolov8/share/isaac_ros_yolov8/environment/pythonpath.dsv
[2.926s] -- Up-to-date: /workspaces/isaac_ros-dev/src/isaac_ros_object_detection/isaac_ros_yolov8/install/isaac_ros_yolov8/lib/python3.8/site-packages/isaac_ros_yolov8-2.1.0-py3.8.egg-info
[2.926s] -- Installing: /workspaces/isaac_ros-dev/src/isaac_ros_object_detection/isaac_ros_yolov8/install/isaac_ros_yolov8/lib/python3.8/site-packages/isaac_ros_yolov8-2.1.0-py3.8.egg-info/dependency_links.txt
[2.927s] -- Installing: /workspaces/isaac_ros-dev/src/isaac_ros_object_detection/isaac_ros_yolov8/install/isaac_ros_yolov8/lib/python3.8/site-packages/isaac_ros_yolov8-2.1.0-py3.8.egg-info/top_level.txt
[2.928s] -- Installing: /workspaces/isaac_ros-dev/src/isaac_ros_object_detection/isaac_ros_yolov8/install/isaac_ros_yolov8/lib/python3.8/site-packages/isaac_ros_yolov8-2.1.0-py3.8.egg-info/PKG-INFO
[2.928s] -- Installing: /workspaces/isaac_ros-dev/src/isaac_ros_object_detection/isaac_ros_yolov8/install/isaac_ros_yolov8/lib/python3.8/site-packages/isaac_ros_yolov8-2.1.0-py3.8.egg-info/SOURCES.txt
[2.929s] -- Up-to-date: /workspaces/isaac_ros-dev/src/isaac_ros_object_detection/isaac_ros_yolov8/install/isaac_ros_yolov8/lib/python3.8/site-packages/isaac_ros_yolov8
[2.929s] -- Up-to-date: /workspaces/isaac_ros-dev/src/isaac_ros_object_detection/isaac_ros_yolov8/install/isaac_ros_yolov8/lib/python3.8/site-packages/isaac_ros_yolov8/__init__.py
[3.273s] Listing '/workspaces/isaac_ros-dev/src/isaac_ros_object_detection/isaac_ros_yolov8/install/isaac_ros_yolov8/lib/python3.8/site-packages/isaac_ros_yolov8'...
[3.285s] -- Up-to-date: /workspaces/isaac_ros-dev/src/isaac_ros_object_detection/isaac_ros_yolov8/install/isaac_ros_yolov8/lib/isaac_ros_yolov8/isaac_ros_yolov8_visualizer.py
[3.285s] -- Up-to-date: /workspaces/isaac_ros-dev/src/isaac_ros_object_detection/isaac_ros_yolov8/install/isaac_ros_yolov8/lib/isaac_ros_yolov8/image_publisher.py
[3.285s] -- Up-to-date: /workspaces/isaac_ros-dev/src/isaac_ros_object_detection/isaac_ros_yolov8/install/isaac_ros_yolov8/include
[3.428s] -- Up-to-date: /workspaces/isaac_ros-dev/src/isaac_ros_object_detection/isaac_ros_yolov8/install/isaac_ros_yolov8/include/isaac_ros_yolov8
[3.428s] -- Up-to-date: /workspaces/isaac_ros-dev/src/isaac_ros_object_detection/isaac_ros_yolov8/install/isaac_ros_yolov8/include/isaac_ros_yolov8/yolov8_decoder_node.hpp
[3.429s] -- Up-to-date: /workspaces/isaac_ros-dev/src/isaac_ros_object_detection/isaac_ros_yolov8/install/isaac_ros_yolov8/share/isaac_ros_yolov8/environment/library_path.sh
[3.429s] -- Up-to-date: /workspaces/isaac_ros-dev/src/isaac_ros_object_detection/isaac_ros_yolov8/install/isaac_ros_yolov8/share/isaac_ros_yolov8/environment/library_path.dsv
[3.430s] -- Up-to-date: /workspaces/isaac_ros-dev/src/isaac_ros_object_detection/isaac_ros_yolov8/install/isaac_ros_yolov8/lib/libyolov8_decoder_node.so
[3.431s] -- Up-to-date: /workspaces/isaac_ros-dev/src/isaac_ros_object_detection/isaac_ros_yolov8/install/isaac_ros_yolov8/share/isaac_ros_yolov8/launch
[3.431s] -- Installing: /workspaces/isaac_ros-dev/src/isaac_ros_object_detection/isaac_ros_yolov8/install/isaac_ros_yolov8/share/isaac_ros_yolov8/launch/isaac_ros_yolov8_visualize.launch.py
[3.432s] -- Up-to-date: /workspaces/isaac_ros-dev/src/isaac_ros_object_detection/isaac_ros_yolov8/install/isaac_ros_yolov8/share/isaac_ros_yolov8/launch/yolov8_tensor_rt.launch.py
[3.432s] -- Up-to-date: /workspaces/isaac_ros-dev/src/isaac_ros_object_detection/isaac_ros_yolov8/install/isaac_ros_yolov8/share/isaac_ros_yolov8/scripts
[3.432s] -- Up-to-date: /workspaces/isaac_ros-dev/src/isaac_ros_object_detection/isaac_ros_yolov8/install/isaac_ros_yolov8/share/isaac_ros_yolov8/scripts/image_publisher.py
[3.432s] -- Up-to-date: /workspaces/isaac_ros-dev/src/isaac_ros_object_detection/isaac_ros_yolov8/install/isaac_ros_yolov8/share/isaac_ros_yolov8/scripts/isaac_ros_yolov8_visualizer.py
[3.433s] -- Up-to-date: /workspaces/isaac_ros-dev/src/isaac_ros_object_detection/isaac_ros_yolov8/install/isaac_ros_yolov8/share/ament_index/resource_index/package_run_dependencies/isaac_ros_yolov8
[3.433s] -- Up-to-date: /workspaces/isaac_ros-dev/src/isaac_ros_object_detection/isaac_ros_yolov8/install/isaac_ros_yolov8/share/ament_index/resource_index/parent_prefix_path/isaac_ros_yolov8
[3.434s] -- Up-to-date: /workspaces/isaac_ros-dev/src/isaac_ros_object_detection/isaac_ros_yolov8/install/isaac_ros_yolov8/share/isaac_ros_yolov8/environment/ament_prefix_path.sh
[3.434s] -- Up-to-date: /workspaces/isaac_ros-dev/src/isaac_ros_object_detection/isaac_ros_yolov8/install/isaac_ros_yolov8/share/isaac_ros_yolov8/environment/ament_prefix_path.dsv
[3.434s] -- Up-to-date: /workspaces/isaac_ros-dev/src/isaac_ros_object_detection/isaac_ros_yolov8/install/isaac_ros_yolov8/share/isaac_ros_yolov8/environment/path.sh
[3.435s] -- Up-to-date: /workspaces/isaac_ros-dev/src/isaac_ros_object_detection/isaac_ros_yolov8/install/isaac_ros_yolov8/share/isaac_ros_yolov8/environment/path.dsv
[3.435s] -- Up-to-date: /workspaces/isaac_ros-dev/src/isaac_ros_object_detection/isaac_ros_yolov8/install/isaac_ros_yolov8/share/isaac_ros_yolov8/local_setup.bash
[3.435s] -- Up-to-date: /workspaces/isaac_ros-dev/src/isaac_ros_object_detection/isaac_ros_yolov8/install/isaac_ros_yolov8/share/isaac_ros_yolov8/local_setup.sh
[3.435s] -- Up-to-date: /workspaces/isaac_ros-dev/src/isaac_ros_object_detection/isaac_ros_yolov8/install/isaac_ros_yolov8/share/isaac_ros_yolov8/local_setup.zsh
[3.436s] -- Up-to-date: /workspaces/isaac_ros-dev/src/isaac_ros_object_detection/isaac_ros_yolov8/install/isaac_ros_yolov8/share/isaac_ros_yolov8/local_setup.dsv
[3.436s] -- Installing: /workspaces/isaac_ros-dev/src/isaac_ros_object_detection/isaac_ros_yolov8/install/isaac_ros_yolov8/share/isaac_ros_yolov8/package.dsv
[3.436s] -- Up-to-date: /workspaces/isaac_ros-dev/src/isaac_ros_object_detection/isaac_ros_yolov8/install/isaac_ros_yolov8/share/ament_index/resource_index/packages/isaac_ros_yolov8
[3.437s] -- Up-to-date: /workspaces/isaac_ros-dev/src/isaac_ros_object_detection/isaac_ros_yolov8/install/isaac_ros_yolov8/share/ament_index/resource_index/rclcpp_components/isaac_ros_yolov8
[3.437s] -- Up-to-date: /workspaces/isaac_ros-dev/src/isaac_ros_object_detection/isaac_ros_yolov8/install/isaac_ros_yolov8/share/isaac_ros_yolov8/cmake/ament_cmake_export_dependencies-extras.cmake
[3.437s] -- Up-to-date: /workspaces/isaac_ros-dev/src/isaac_ros_object_detection/isaac_ros_yolov8/install/isaac_ros_yolov8/share/isaac_ros_yolov8/cmake/ament_cmake_export_include_directories-extras.cmake
[3.437s] -- Up-to-date: /workspaces/isaac_ros-dev/src/isaac_ros_object_detection/isaac_ros_yolov8/install/isaac_ros_yolov8/share/isaac_ros_yolov8/cmake/ament_cmake_export_libraries-extras.cmake
[3.438s] -- Up-to-date: /workspaces/isaac_ros-dev/src/isaac_ros_object_detection/isaac_ros_yolov8/install/isaac_ros_yolov8/share/isaac_ros_yolov8/cmake/isaac_ros_yolov8Config.cmake
[3.438s] -- Up-to-date: /workspaces/isaac_ros-dev/src/isaac_ros_object_detection/isaac_ros_yolov8/install/isaac_ros_yolov8/share/isaac_ros_yolov8/cmake/isaac_ros_yolov8Config-version.cmake
[3.438s] -- Up-to-date: /workspaces/isaac_ros-dev/src/isaac_ros_object_detection/isaac_ros_yolov8/install/isaac_ros_yolov8/share/isaac_ros_yolov8/package.xml
[3.442s] Invoked command in '/workspaces/isaac_ros-dev/src/isaac_ros_object_detection/isaac_ros_yolov8/build/isaac_ros_yolov8' returned '0': CMAKE_PREFIX_PATH=/opt/ros/humble /usr/bin/cmake --install /workspaces/isaac_ros-dev/src/isaac_ros_object_detection/isaac_ros_yolov8/build/isaac_ros_yolov8
